# JRE version: Java(TM) SE Runtime Environment (8.0_181-b13) (build 1.8.0_181-b13)
# Java VM: Java HotSpot(TM) Client VM (25.181-b13 mixed mode, sharing windows-x86 )
Heap:
 def new generation   total 7040K, used 1006K [0x04400000, 0x04ba0000, 0x09950000)
  eden space 6272K,  14% used [0x04400000, 0x044ddf58, 0x04a20000)
  from space 768K,  15% used [0x04ae0000, 0x04afdb20, 0x04ba0000)
  to   space 768K,   0% used [0x04a20000, 0x04a20000, 0x04ae0000)
 tenured generation   total 15516K, used 14428K [0x09950000, 0x0a877000, 0x14400000)
   the space 15516K,  92% used [0x09950000, 0x0a767298, 0x0a767400, 0x0a877000)
 Metaspace       used 2262K, capacity 3878K, committed 3904K, reserved 4480K
GC Heap History (8 events):
Event: 0.155 GC heap before
{Heap before GC invocations=0 (full 0):
 def new generation   total 4928K, used 4416K [0x04400000, 0x04950000, 0x09950000)
  eden space 4416K, 100% used [0x04400000, 0x04850000, 0x04850000)
  from space 512K,   0% used [0x04850000, 0x04850000, 0x048d0000)
  to   space 512K,   0% used [0x048d0000, 0x048d0000, 0x04950000)
 tenured generation   total 10944K, used 0K [0x09950000, 0x0a400000, 0x14400000)
   the space 10944K,   0% used [0x09950000, 0x09950000, 0x09950200, 0x0a400000)
 Metaspace       used 442K, capacity 2559K, committed 2624K, reserved 4480K
Event: 0.158 GC heap after
Heap after GC invocations=1 (full 0):
 def new generation   total 4928K, used 512K [0x04400000, 0x04950000, 0x09950000)
  eden space 4416K,   0% used [0x04400000, 0x04400000, 0x04850000)
  from space 512K, 100% used [0x048d0000, 0x04950000, 0x04950000)
  to   space 512K,   0% used [0x04850000, 0x04850000, 0x048d0000)
 tenured generation   total 10944K, used 961K [0x09950000, 0x0a400000, 0x14400000)
   the space 10944K,   8% used [0x09950000, 0x09a40748, 0x09a40800, 0x0a400000)
 Metaspace       used 442K, capacity 2559K, committed 2624K, reserved 4480K
}
Event: 0.249 GC heap before
{Heap before GC invocations=1 (full 0):
 def new generation   total 4928K, used 4841K [0x04400000, 0x04950000, 0x09950000)
  eden space 4416K,  98% used [0x04400000, 0x0483a410, 0x04850000)
  from space 512K, 100% used [0x048d0000, 0x04950000, 0x04950000)
  to   space 512K,   0% used [0x04850000, 0x04850000, 0x048d0000)
 tenured generation   total 10944K, used 961K [0x09950000, 0x0a400000, 0x14400000)
   the space 10944K,   8% used [0x09950000, 0x09a40748, 0x09a40800, 0x0a400000)
 Metaspace       used 1563K, capacity 3393K, committed 3520K, reserved 4480K
Event: 0.253 GC heap after
Heap after GC invocations=2 (full 0):
 def new generation   total 4928K, used 512K [0x04400000, 0x04950000, 0x09950000)
  eden space 4416K,   0% used [0x04400000, 0x04400000, 0x04850000)
  from space 512K, 100% used [0x04850000, 0x048d0000, 0x048d0000)
  to   space 512K,   0% used [0x048d0000, 0x048d0000, 0x04950000)
 tenured generation   total 10944K, used 2633K [0x09950000, 0x0a400000, 0x14400000)
   the space 10944K,  24% used [0x09950000, 0x09be26f8, 0x09be2800, 0x0a400000)
 Metaspace       used 1563K, capacity 3393K, committed 3520K, reserved 4480K
}
Event: 0.381 GC heap before
{Heap before GC invocations=2 (full 0):
 def new generation   total 4928K, used 4928K [0x04400000, 0x04950000, 0x09950000)
  eden space 4416K, 100% used [0x04400000, 0x04850000, 0x04850000)
  from space 512K, 100% used [0x04850000, 0x048d0000, 0x048d0000)
  to   space 512K,   0% used [0x048d0000, 0x048d0000, 0x04950000)
 tenured generation   total 10944K, used 7753K [0x09950000, 0x0a400000, 0x14400000)
   the space 10944K,  70% used [0x09950000, 0x0a0e2708, 0x0a0e2800, 0x0a400000)
 Metaspace       used 1952K, capacity 3724K, committed 3776K, reserved 4480K
Event: 0.383 GC heap after
Heap after GC invocations=3 (full 0):
 def new generation   total 4928K, used 512K [0x04400000, 0x04950000, 0x09950000)
  eden space 4416K,   0% used [0x04400000, 0x04400000, 0x04850000)
  from space 512K, 100% used [0x048d0000, 0x04950000, 0x04950000)
  to   space 512K,   0% used [0x04850000, 0x04850000, 0x048d0000)
 tenured generation   total 10944K, used 8448K [0x09950000, 0x0a400000, 0x14400000)
   the space 10944K,  77% used [0x09950000, 0x0a190070, 0x0a190200, 0x0a400000)
 Metaspace       used 1952K, capacity 3724K, committed 3776K, reserved 4480K
}
Event: 0.468 GC heap before
{Heap before GC invocations=3 (full 0):
 def new generation   total 4928K, used 4569K [0x04400000, 0x04950000, 0x09950000)
  eden space 4416K,  91% used [0x04400000, 0x047f64f0, 0x04850000)
  from space 512K, 100% used [0x048d0000, 0x04950000, 0x04950000)
  to   space 512K,   0% used [0x04850000, 0x04850000, 0x048d0000)
 tenured generation   total 10944K, used 8448K [0x09950000, 0x0a400000, 0x14400000)
   the space 10944K,  77% used [0x09950000, 0x0a190070, 0x0a190200, 0x0a400000)
 Metaspace       used 2164K, capacity 3873K, committed 3904K, reserved 4480K
Event: 0.478 GC heap after
Heap after GC invocations=4 (full 1):
 def new generation   total 7040K, used 0K [0x04400000, 0x04ba0000, 0x09950000)
  eden space 6272K,   0% used [0x04400000, 0x04400000, 0x04a20000)
  from space 768K,   0% used [0x04a20000, 0x04a20000, 0x04ae0000)
  to   space 768K,   0% used [0x04ae0000, 0x04ae0000, 0x04ba0000)
 tenured generation   total 15516K, used 9308K [0x09950000, 0x0a877000, 0x14400000)
   the space 15516K,  59% used [0x09950000, 0x0a267288, 0x0a267400, 0x0a877000)
 Metaspace       used 2164K, capacity 3873K, committed 3904K, reserved 4480K
}

