# JRE version: Java(TM) SE Runtime Environment (8.0_181-b13) (build 1.8.0_181-b13)
# Java VM: Java HotSpot(TM) Client VM (25.181-b13 mixed mode windows-x86 )
Heap:
 def new generation   total 6976K, used 5680K [0x04800000, 0x04f90000, 0x09d50000)
  eden space 6208K,  91% used [0x04800000, 0x04d8c370, 0x04e10000)
  from space 768K,   0% used [0x04e10000, 0x04e10000, 0x04ed0000)
  to   space 768K,   0% used [0x04ed0000, 0x04ed0000, 0x04f90000)
 tenured generation   total 15376K, used 9225K [0x09d50000, 0x0ac54000, 0x14800000)
   the space 15376K,  59% used [0x09d50000, 0x0a652400, 0x0a652400, 0x0ac54000)
 Metaspace       used 8133K, capacity 8368K, committed 8448K, reserved 8576K
GC Heap History (8 events):
Event: 0.224 GC heap before
{Heap before GC invocations=0 (full 0):
 def new generation   total 4928K, used 4416K [0x04800000, 0x04d50000, 0x09d50000)
  eden space 4416K, 100% used [0x04800000, 0x04c50000, 0x04c50000)
  from space 512K,   0% used [0x04c50000, 0x04c50000, 0x04cd0000)
  to   space 512K,   0% used [0x04cd0000, 0x04cd0000, 0x04d50000)
 tenured generation   total 10944K, used 0K [0x09d50000, 0x0a800000, 0x14800000)
   the space 10944K,   0% used [0x09d50000, 0x09d50000, 0x09d50200, 0x0a800000)
 Metaspace       used 4308K, capacity 4487K, committed 4608K, reserved 5504K
Event: 0.228 GC heap after
Heap after GC invocations=1 (full 0):
 def new generation   total 4928K, used 512K [0x04800000, 0x04d50000, 0x09d50000)
  eden space 4416K,   0% used [0x04800000, 0x04800000, 0x04c50000)
  from space 512K, 100% used [0x04cd0000, 0x04d50000, 0x04d50000)
  to   space 512K,   0% used [0x04c50000, 0x04c50000, 0x04cd0000)
 tenured generation   total 10944K, used 964K [0x09d50000, 0x0a800000, 0x14800000)
   the space 10944K,   8% used [0x09d50000, 0x09e41390, 0x09e41400, 0x0a800000)
 Metaspace       used 4308K, capacity 4487K, committed 4608K, reserved 5504K
}
Event: 0.320 GC heap before
{Heap before GC invocations=1 (full 0):
 def new generation   total 4928K, used 4928K [0x04800000, 0x04d50000, 0x09d50000)
  eden space 4416K, 100% used [0x04800000, 0x04c50000, 0x04c50000)
  from space 512K, 100% used [0x04cd0000, 0x04d50000, 0x04d50000)
  to   space 512K,   0% used [0x04c50000, 0x04c50000, 0x04cd0000)
 tenured generation   total 10944K, used 964K [0x09d50000, 0x0a800000, 0x14800000)
   the space 10944K,   8% used [0x09d50000, 0x09e41390, 0x09e41400, 0x0a800000)
 Metaspace       used 5803K, capacity 5993K, committed 6016K, reserved 6528K
Event: 0.324 GC heap after
Heap after GC invocations=2 (full 0):
 def new generation   total 4928K, used 512K [0x04800000, 0x04d50000, 0x09d50000)
  eden space 4416K,   0% used [0x04800000, 0x04800000, 0x04c50000)
  from space 512K, 100% used [0x04c50000, 0x04cd0000, 0x04cd0000)
  to   space 512K,   0% used [0x04cd0000, 0x04cd0000, 0x04d50000)
 tenured generation   total 10944K, used 2573K [0x09d50000, 0x0a800000, 0x14800000)
   the space 10944K,  23% used [0x09d50000, 0x09fd35c8, 0x09fd3600, 0x0a800000)
 Metaspace       used 5803K, capacity 5993K, committed 6016K, reserved 6528K
}
Event: 0.457 GC heap before
{Heap before GC invocations=2 (full 0):
 def new generation   total 4928K, used 4926K [0x04800000, 0x04d50000, 0x09d50000)
  eden space 4416K,  99% used [0x04800000, 0x04c4f910, 0x04c50000)
  from space 512K, 100% used [0x04c50000, 0x04cd0000, 0x04cd0000)
  to   space 512K,   0% used [0x04cd0000, 0x04cd0000, 0x04d50000)
 tenured generation   total 10944K, used 7693K [0x09d50000, 0x0a800000, 0x14800000)
   the space 10944K,  70% used [0x09d50000, 0x0a4d35d8, 0x0a4d3600, 0x0a800000)
 Metaspace       used 6812K, capacity 6995K, committed 7040K, reserved 7552K
Event: 0.460 GC heap after
Heap after GC invocations=3 (full 0):
 def new generation   total 4928K, used 512K [0x04800000, 0x04d50000, 0x09d50000)
  eden space 4416K,   0% used [0x04800000, 0x04800000, 0x04c50000)
  from space 512K, 100% used [0x04cd0000, 0x04d50000, 0x04d50000)
  to   space 512K,   0% used [0x04c50000, 0x04c50000, 0x04cd0000)
 tenured generation   total 10944K, used 8368K [0x09d50000, 0x0a800000, 0x14800000)
   the space 10944K,  76% used [0x09d50000, 0x0a57c3f0, 0x0a57c400, 0x0a800000)
 Metaspace       used 6812K, capacity 6995K, committed 7040K, reserved 7552K
}
Event: 0.548 GC heap before
{Heap before GC invocations=3 (full 0):
 def new generation   total 4928K, used 4173K [0x04800000, 0x04d50000, 0x09d50000)
  eden space 4416K,  82% used [0x04800000, 0x04b934b0, 0x04c50000)
  from space 512K, 100% used [0x04cd0000, 0x04d50000, 0x04d50000)
  to   space 512K,   0% used [0x04c50000, 0x04c50000, 0x04cd0000)
 tenured generation   total 10944K, used 8368K [0x09d50000, 0x0a800000, 0x14800000)
   the space 10944K,  76% used [0x09d50000, 0x0a57c3f0, 0x0a57c400, 0x0a800000)
 Metaspace       used 7845K, capacity 8043K, committed 8192K, reserved 8576K
Event: 0.561 GC heap after
Heap after GC invocations=4 (full 1):
 def new generation   total 6976K, used 0K [0x04800000, 0x04f90000, 0x09d50000)
  eden space 6208K,   0% used [0x04800000, 0x04800000, 0x04e10000)
  from space 768K,   0% used [0x04e10000, 0x04e10000, 0x04ed0000)
  to   space 768K,   0% used [0x04ed0000, 0x04ed0000, 0x04f90000)
 tenured generation   total 15376K, used 9225K [0x09d50000, 0x0ac54000, 0x14800000)
   the space 15376K,  59% used [0x09d50000, 0x0a652400, 0x0a652400, 0x0ac54000)
 Metaspace       used 7845K, capacity 8043K, committed 8192K, reserved 8576K
}

