# JRE version: Java(TM) SE Runtime Environment (8.0_181-b13) (build 1.8.0_181-b13)
# Java VM: Java HotSpot(TM) Client VM (25.181-b13 mixed mode, sharing windows-x86 )
Heap:
 def new generation   total 4928K, used 2937K [0x04400000, 0x04950000, 0x09950000)
  eden space 4416K,  63% used [0x04400000, 0x046bc748, 0x04850000)
  from space 512K,  26% used [0x048d0000, 0x048f1ec0, 0x04950000)
  to   space 512K,   0% used [0x04850000, 0x04850000, 0x048d0000)
 tenured generation   total 16068K, used 14336K [0x09950000, 0x0a901000, 0x14400000)
   the space 16068K,  89% used [0x09950000, 0x0a750178, 0x0a750200, 0x0a901000)
 Metaspace       used 2294K, capacity 3912K, committed 4032K, reserved 4480K
GC Heap History (10 events):
Event: 0.607 GC heap before
{Heap before GC invocations=5 (full 0):
 def new generation   total 4928K, used 4430K [0x04400000, 0x04950000, 0x09950000)
  eden space 4416K, 100% used [0x04400000, 0x04850000, 0x04850000)
  from space 512K,   2% used [0x048d0000, 0x048d3bc0, 0x04950000)
  to   space 512K,   0% used [0x04850000, 0x04850000, 0x048d0000)
 tenured generation   total 10944K, used 9216K [0x09950000, 0x0a400000, 0x14400000)
   the space 10944K,  84% used [0x09950000, 0x0a250168, 0x0a250200, 0x0a400000)
 Metaspace       used 2104K, capacity 3838K, committed 3904K, reserved 4480K
Event: 0.608 GC heap after
Heap after GC invocations=6 (full 0):
 def new generation   total 4928K, used 15K [0x04400000, 0x04950000, 0x09950000)
  eden space 4416K,   0% used [0x04400000, 0x04400000, 0x04850000)
  from space 512K,   3% used [0x04850000, 0x04853e60, 0x048d0000)
  to   space 512K,   0% used [0x048d0000, 0x048d0000, 0x04950000)
 tenured generation   total 10944K, used 9216K [0x09950000, 0x0a400000, 0x14400000)
   the space 10944K,  84% used [0x09950000, 0x0a250168, 0x0a250200, 0x0a400000)
 Metaspace       used 2104K, capacity 3838K, committed 3904K, reserved 4480K
}
Event: 0.621 GC heap before
{Heap before GC invocations=6 (full 0):
 def new generation   total 4928K, used 4431K [0x04400000, 0x04950000, 0x09950000)
  eden space 4416K, 100% used [0x04400000, 0x04850000, 0x04850000)
  from space 512K,   3% used [0x04850000, 0x04853e60, 0x048d0000)
  to   space 512K,   0% used [0x048d0000, 0x048d0000, 0x04950000)
 tenured generation   total 10944K, used 9216K [0x09950000, 0x0a400000, 0x14400000)
   the space 10944K,  84% used [0x09950000, 0x0a250168, 0x0a250200, 0x0a400000)
 Metaspace       used 2104K, capacity 3838K, committed 3904K, reserved 4480K
Event: 0.621 GC heap after
Heap after GC invocations=7 (full 0):
 def new generation   total 4928K, used 15K [0x04400000, 0x04950000, 0x09950000)
  eden space 4416K,   0% used [0x04400000, 0x04400000, 0x04850000)
  from space 512K,   3% used [0x048d0000, 0x048d3f58, 0x04950000)
  to   space 512K,   0% used [0x04850000, 0x04850000, 0x048d0000)
 tenured generation   total 10944K, used 9216K [0x09950000, 0x0a400000, 0x14400000)
   the space 10944K,  84% used [0x09950000, 0x0a250168, 0x0a250200, 0x0a400000)
 Metaspace       used 2104K, capacity 3838K, committed 3904K, reserved 4480K
}
Event: 0.634 GC heap before
{Heap before GC invocations=7 (full 0):
 def new generation   total 4928K, used 4431K [0x04400000, 0x04950000, 0x09950000)
  eden space 4416K, 100% used [0x04400000, 0x04850000, 0x04850000)
  from space 512K,   3% used [0x048d0000, 0x048d3f58, 0x04950000)
  to   space 512K,   0% used [0x04850000, 0x04850000, 0x048d0000)
 tenured generation   total 10944K, used 9216K [0x09950000, 0x0a400000, 0x14400000)
   the space 10944K,  84% used [0x09950000, 0x0a250168, 0x0a250200, 0x0a400000)
 Metaspace       used 2104K, capacity 3838K, committed 3904K, reserved 4480K
Event: 0.634 GC heap after
Heap after GC invocations=8 (full 0):
 def new generation   total 4928K, used 15K [0x04400000, 0x04950000, 0x09950000)
  eden space 4416K,   0% used [0x04400000, 0x04400000, 0x04850000)
  from space 512K,   2% used [0x04850000, 0x04853c80, 0x048d0000)
  to   space 512K,   0% used [0x048d0000, 0x048d0000, 0x04950000)
 tenured generation   total 10944K, used 9216K [0x09950000, 0x0a400000, 0x14400000)
   the space 10944K,  84% used [0x09950000, 0x0a250168, 0x0a250200, 0x0a400000)
 Metaspace       used 2104K, capacity 3838K, committed 3904K, reserved 4480K
}
Event: 0.648 GC heap before
{Heap before GC invocations=8 (full 0):
 def new generation   total 4928K, used 4431K [0x04400000, 0x04950000, 0x09950000)
  eden space 4416K, 100% used [0x04400000, 0x04850000, 0x04850000)
  from space 512K,   2% used [0x04850000, 0x04853c80, 0x048d0000)
  to   space 512K,   0% used [0x048d0000, 0x048d0000, 0x04950000)
 tenured generation   total 10944K, used 9216K [0x09950000, 0x0a400000, 0x14400000)
   the space 10944K,  84% used [0x09950000, 0x0a250168, 0x0a250200, 0x0a400000)
 Metaspace       used 2104K, capacity 3838K, committed 3904K, reserved 4480K
Event: 0.648 GC heap after
Heap after GC invocations=9 (full 0):
 def new generation   total 4928K, used 3K [0x04400000, 0x04950000, 0x09950000)
  eden space 4416K,   0% used [0x04400000, 0x04400000, 0x04850000)
  from space 512K,   0% used [0x048d0000, 0x048d0f78, 0x04950000)
  to   space 512K,   0% used [0x04850000, 0x04850000, 0x048d0000)
 tenured generation   total 10944K, used 9216K [0x09950000, 0x0a400000, 0x14400000)
   the space 10944K,  84% used [0x09950000, 0x0a250168, 0x0a250200, 0x0a400000)
 Metaspace       used 2104K, capacity 3838K, committed 3904K, reserved 4480K
}
Event: 0.654 GC heap before
{Heap before GC invocations=9 (full 0):
 def new generation   total 4928K, used 1481K [0x04400000, 0x04950000, 0x09950000)
  eden space 4416K,  33% used [0x04400000, 0x045715b8, 0x04850000)
  from space 512K,   0% used [0x048d0000, 0x048d0f78, 0x04950000)
  to   space 512K,   0% used [0x04850000, 0x04850000, 0x048d0000)
 tenured generation   total 16068K, used 14336K [0x09950000, 0x0a901000, 0x14400000)
   the space 16068K,  89% used [0x09950000, 0x0a750178, 0x0a750200, 0x0a901000)
 Metaspace       used 2171K, capacity 3880K, committed 3904K, reserved 4480K
Event: 0.655 GC heap after
Heap after GC invocations=10 (full 0):
 def new generation   total 4928K, used 106K [0x04400000, 0x04950000, 0x09950000)
  eden space 4416K,   0% used [0x04400000, 0x04400000, 0x04850000)
  from space 512K,  20% used [0x04850000, 0x0486ab00, 0x048d0000)
  to   space 512K,   0% used [0x048d0000, 0x048d0000, 0x04950000)
 tenured generation   total 16068K, used 14336K [0x09950000, 0x0a901000, 0x14400000)
   the space 16068K,  89% used [0x09950000, 0x0a750178, 0x0a750200, 0x0a901000)
 Metaspace       used 2171K, capacity 3880K, committed 3904K, reserved 4480K
}

