# JRE version: Java(TM) SE Runtime Environment (8.0_181-b13) (build 1.8.0_181-b13)
# Java VM: Java HotSpot(TM) Client VM (25.181-b13 mixed mode windows-x86 )
Heap:
 def new generation   total 6976K, used 5467K [0x04600000, 0x04d90000, 0x09b50000)
  eden space 6208K,  88% used [0x04600000, 0x04b56c88, 0x04c10000)
  from space 768K,   0% used [0x04c10000, 0x04c10000, 0x04cd0000)
  to   space 768K,   0% used [0x04cd0000, 0x04cd0000, 0x04d90000)
 tenured generation   total 15432K, used 9258K [0x09b50000, 0x0aa62000, 0x14600000)
   the space 15432K,  59% used [0x09b50000, 0x0a45aa60, 0x0a45ac00, 0x0aa62000)
 Metaspace       used 8087K, capacity 8304K, committed 8448K, reserved 8576K
GC Heap History (6 events):
Event: 0.210 GC heap before
{Heap before GC invocations=0 (full 0):
 def new generation   total 4928K, used 4416K [0x04600000, 0x04b50000, 0x09b50000)
  eden space 4416K, 100% used [0x04600000, 0x04a50000, 0x04a50000)
  from space 512K,   0% used [0x04a50000, 0x04a50000, 0x04ad0000)
  to   space 512K,   0% used [0x04ad0000, 0x04ad0000, 0x04b50000)
 tenured generation   total 10944K, used 0K [0x09b50000, 0x0a600000, 0x14600000)
   the space 10944K,   0% used [0x09b50000, 0x09b50000, 0x09b50200, 0x0a600000)
 Metaspace       used 4308K, capacity 4487K, committed 4608K, reserved 5504K
Event: 0.214 GC heap after
Heap after GC invocations=1 (full 0):
 def new generation   total 4928K, used 512K [0x04600000, 0x04b50000, 0x09b50000)
  eden space 4416K,   0% used [0x04600000, 0x04600000, 0x04a50000)
  from space 512K, 100% used [0x04ad0000, 0x04b50000, 0x04b50000)
  to   space 512K,   0% used [0x04a50000, 0x04a50000, 0x04ad0000)
 tenured generation   total 10944K, used 964K [0x09b50000, 0x0a600000, 0x14600000)
   the space 10944K,   8% used [0x09b50000, 0x09c41388, 0x09c41400, 0x0a600000)
 Metaspace       used 4308K, capacity 4487K, committed 4608K, reserved 5504K
}
Event: 0.309 GC heap before
{Heap before GC invocations=1 (full 0):
 def new generation   total 4928K, used 4853K [0x04600000, 0x04b50000, 0x09b50000)
  eden space 4416K,  98% used [0x04600000, 0x04a3d658, 0x04a50000)
  from space 512K, 100% used [0x04ad0000, 0x04b50000, 0x04b50000)
  to   space 512K,   0% used [0x04a50000, 0x04a50000, 0x04ad0000)
 tenured generation   total 10944K, used 964K [0x09b50000, 0x0a600000, 0x14600000)
   the space 10944K,   8% used [0x09b50000, 0x09c41388, 0x09c41400, 0x0a600000)
 Metaspace       used 5708K, capacity 5897K, committed 6016K, reserved 6528K
Event: 0.313 GC heap after
Heap after GC invocations=2 (full 0):
 def new generation   total 4928K, used 512K [0x04600000, 0x04b50000, 0x09b50000)
  eden space 4416K,   0% used [0x04600000, 0x04600000, 0x04a50000)
  from space 512K, 100% used [0x04a50000, 0x04ad0000, 0x04ad0000)
  to   space 512K,   0% used [0x04ad0000, 0x04ad0000, 0x04b50000)
 tenured generation   total 10944K, used 2636K [0x09b50000, 0x0a600000, 0x14600000)
   the space 10944K,  24% used [0x09b50000, 0x09de3240, 0x09de3400, 0x0a600000)
 Metaspace       used 5708K, capacity 5897K, committed 6016K, reserved 6528K
}
Event: 0.446 GC heap before
{Heap before GC invocations=2 (full 0):
 def new generation   total 4928K, used 4927K [0x04600000, 0x04b50000, 0x09b50000)
  eden space 4416K,  99% used [0x04600000, 0x04a4fc98, 0x04a50000)
  from space 512K, 100% used [0x04a50000, 0x04ad0000, 0x04ad0000)
  to   space 512K,   0% used [0x04ad0000, 0x04ad0000, 0x04b50000)
 tenured generation   total 10944K, used 7756K [0x09b50000, 0x0a600000, 0x14600000)
   the space 10944K,  70% used [0x09b50000, 0x0a2e3250, 0x0a2e3400, 0x0a600000)
 Metaspace       used 6812K, capacity 6995K, committed 7040K, reserved 7552K
Event: 0.449 GC heap after
Heap after GC invocations=3 (full 0):
 def new generation   total 4928K, used 512K [0x04600000, 0x04b50000, 0x09b50000)
  eden space 4416K,   0% used [0x04600000, 0x04600000, 0x04a50000)
  from space 512K, 100% used [0x04ad0000, 0x04b50000, 0x04b50000)
  to   space 512K,   0% used [0x04a50000, 0x04a50000, 0x04ad0000)
 tenured generation   total 10944K, used 8369K [0x09b50000, 0x0a600000, 0x14600000)
   the space 10944K,  76% used [0x09b50000, 0x0a37c4f8, 0x0a37c600, 0x0a600000)
 Metaspace       used 6812K, capacity 6995K, committed 7040K, reserved 7552K
}

