# JRE version: Java(TM) SE Runtime Environment (8.0_181-b13) (build 1.8.0_181-b13)
# Java VM: Java HotSpot(TM) Client VM (25.181-b13 mixed mode, sharing windows-x86 )
Heap:
 def new generation   total 4928K, used 1552K [0x04400000, 0x04950000, 0x09950000)
  eden space 4416K,  25% used [0x04400000, 0x04517b70, 0x04850000)
  from space 512K,  84% used [0x04850000, 0x048bc768, 0x048d0000)
  to   space 512K,   0% used [0x048d0000, 0x048d0000, 0x04950000)
 tenured generation   total 16068K, used 14065K [0x09950000, 0x0a901000, 0x14400000)
   the space 16068K,  87% used [0x09950000, 0x0a70c528, 0x0a70c600, 0x0a901000)
 Metaspace       used 2284K, capacity 3910K, committed 4032K, reserved 4480K
GC Heap History (8 events):
Event: 0.188 GC heap before
{Heap before GC invocations=0 (full 0):
 def new generation   total 4928K, used 4416K [0x04400000, 0x04950000, 0x09950000)
  eden space 4416K, 100% used [0x04400000, 0x04850000, 0x04850000)
  from space 512K,   0% used [0x04850000, 0x04850000, 0x048d0000)
  to   space 512K,   0% used [0x048d0000, 0x048d0000, 0x04950000)
 tenured generation   total 10944K, used 0K [0x09950000, 0x0a400000, 0x14400000)
   the space 10944K,   0% used [0x09950000, 0x09950000, 0x09950200, 0x0a400000)
 Metaspace       used 438K, capacity 2559K, committed 2624K, reserved 4480K
Event: 0.193 GC heap after
Heap after GC invocations=1 (full 0):
 def new generation   total 4928K, used 512K [0x04400000, 0x04950000, 0x09950000)
  eden space 4416K,   0% used [0x04400000, 0x04400000, 0x04850000)
  from space 512K, 100% used [0x048d0000, 0x04950000, 0x04950000)
  to   space 512K,   0% used [0x04850000, 0x04850000, 0x048d0000)
 tenured generation   total 10944K, used 961K [0x09950000, 0x0a400000, 0x14400000)
   the space 10944K,   8% used [0x09950000, 0x09a40780, 0x09a40800, 0x0a400000)
 Metaspace       used 438K, capacity 2559K, committed 2624K, reserved 4480K
}
Event: 0.284 GC heap before
{Heap before GC invocations=1 (full 0):
 def new generation   total 4928K, used 4928K [0x04400000, 0x04950000, 0x09950000)
  eden space 4416K, 100% used [0x04400000, 0x04850000, 0x04850000)
  from space 512K, 100% used [0x048d0000, 0x04950000, 0x04950000)
  to   space 512K,   0% used [0x04850000, 0x04850000, 0x048d0000)
 tenured generation   total 10944K, used 961K [0x09950000, 0x0a400000, 0x14400000)
   the space 10944K,   8% used [0x09950000, 0x09a40780, 0x09a40800, 0x0a400000)
 Metaspace       used 1664K, capacity 3489K, committed 3520K, reserved 4480K
Event: 0.287 GC heap after
Heap after GC invocations=2 (full 0):
 def new generation   total 4928K, used 512K [0x04400000, 0x04950000, 0x09950000)
  eden space 4416K,   0% used [0x04400000, 0x04400000, 0x04850000)
  from space 512K, 100% used [0x04850000, 0x048d0000, 0x048d0000)
  to   space 512K,   0% used [0x048d0000, 0x048d0000, 0x04950000)
 tenured generation   total 10944K, used 2573K [0x09950000, 0x0a400000, 0x14400000)
   the space 10944K,  23% used [0x09950000, 0x09bd35b0, 0x09bd3600, 0x0a400000)
 Metaspace       used 1664K, capacity 3489K, committed 3520K, reserved 4480K
}
Event: 0.418 GC heap before
{Heap before GC invocations=2 (full 0):
 def new generation   total 4928K, used 4926K [0x04400000, 0x04950000, 0x09950000)
  eden space 4416K,  99% used [0x04400000, 0x0484f820, 0x04850000)
  from space 512K, 100% used [0x04850000, 0x048d0000, 0x048d0000)
  to   space 512K,   0% used [0x048d0000, 0x048d0000, 0x04950000)
 tenured generation   total 10944K, used 7693K [0x09950000, 0x0a400000, 0x14400000)
   the space 10944K,  70% used [0x09950000, 0x0a0d35c0, 0x0a0d3600, 0x0a400000)
 Metaspace       used 1945K, capacity 3724K, committed 3776K, reserved 4480K
Event: 0.421 GC heap after
Heap after GC invocations=3 (full 0):
 def new generation   total 4928K, used 512K [0x04400000, 0x04950000, 0x09950000)
  eden space 4416K,   0% used [0x04400000, 0x04400000, 0x04850000)
  from space 512K, 100% used [0x048d0000, 0x04950000, 0x04950000)
  to   space 512K,   0% used [0x04850000, 0x04850000, 0x048d0000)
 tenured generation   total 10944K, used 8448K [0x09950000, 0x0a400000, 0x14400000)
   the space 10944K,  77% used [0x09950000, 0x0a190018, 0x0a190200, 0x0a400000)
 Metaspace       used 1945K, capacity 3724K, committed 3776K, reserved 4480K
}
Event: 0.506 GC heap before
{Heap before GC invocations=3 (full 0):
 def new generation   total 4928K, used 4600K [0x04400000, 0x04950000, 0x09950000)
  eden space 4416K,  92% used [0x04400000, 0x047fe2a0, 0x04850000)
  from space 512K, 100% used [0x048d0000, 0x04950000, 0x04950000)
  to   space 512K,   0% used [0x04850000, 0x04850000, 0x048d0000)
 tenured generation   total 16068K, used 13568K [0x09950000, 0x0a901000, 0x14400000)
   the space 16068K,  84% used [0x09950000, 0x0a690028, 0x0a690200, 0x0a901000)
 Metaspace       used 2161K, capacity 3843K, committed 3904K, reserved 4480K
Event: 0.509 GC heap after
Heap after GC invocations=4 (full 0):
 def new generation   total 4928K, used 433K [0x04400000, 0x04950000, 0x09950000)
  eden space 4416K,   0% used [0x04400000, 0x04400000, 0x04850000)
  from space 512K,  84% used [0x04850000, 0x048bc768, 0x048d0000)
  to   space 512K,   0% used [0x048d0000, 0x048d0000, 0x04950000)
 tenured generation   total 16068K, used 14065K [0x09950000, 0x0a901000, 0x14400000)
   the space 16068K,  87% used [0x09950000, 0x0a70c528, 0x0a70c600, 0x0a901000)
 Metaspace       used 2161K, capacity 3843K, committed 3904K, reserved 4480K
}

