# JRE version: Java(TM) SE Runtime Environment (8.0_181-b13) (build 1.8.0_181-b13)
# Java VM: Java HotSpot(TM) Client VM (25.181-b13 mixed mode windows-x86 )
Heap:
 def new generation   total 6976K, used 1994K [0x04600000, 0x04d90000, 0x09b50000)
  eden space 6208K,  31% used [0x04600000, 0x047e4050, 0x04c10000)
  from space 768K,   7% used [0x04cd0000, 0x04cdeb40, 0x04d90000)
  to   space 768K,   0% used [0x04c10000, 0x04c10000, 0x04cd0000)
 tenured generation   total 15436K, used 14381K [0x09b50000, 0x0aa63000, 0x14600000)
   the space 15436K,  93% used [0x09b50000, 0x0a95b5d0, 0x0a95b600, 0x0aa63000)
 Metaspace       used 8681K, capacity 8942K, committed 9088K, reserved 9600K
GC Heap History (10 events):
Event: 0.209 GC heap before
{Heap before GC invocations=0 (full 0):
 def new generation   total 4928K, used 4411K [0x04600000, 0x04b50000, 0x09b50000)
  eden space 4416K,  99% used [0x04600000, 0x04a4ef40, 0x04a50000)
  from space 512K,   0% used [0x04a50000, 0x04a50000, 0x04ad0000)
  to   space 512K,   0% used [0x04ad0000, 0x04ad0000, 0x04b50000)
 tenured generation   total 10944K, used 0K [0x09b50000, 0x0a600000, 0x14600000)
   the space 10944K,   0% used [0x09b50000, 0x09b50000, 0x09b50200, 0x0a600000)
 Metaspace       used 4312K, capacity 4485K, committed 4608K, reserved 5504K
Event: 0.212 GC heap after
Heap after GC invocations=1 (full 0):
 def new generation   total 4928K, used 512K [0x04600000, 0x04b50000, 0x09b50000)
  eden space 4416K,   0% used [0x04600000, 0x04600000, 0x04a50000)
  from space 512K, 100% used [0x04ad0000, 0x04b50000, 0x04b50000)
  to   space 512K,   0% used [0x04a50000, 0x04a50000, 0x04ad0000)
 tenured generation   total 10944K, used 1006K [0x09b50000, 0x0a600000, 0x14600000)
   the space 10944K,   9% used [0x09b50000, 0x09c4bb08, 0x09c4bc00, 0x0a600000)
 Metaspace       used 4312K, capacity 4485K, committed 4608K, reserved 5504K
}
Event: 0.328 GC heap before
{Heap before GC invocations=1 (full 0):
 def new generation   total 4928K, used 4928K [0x04600000, 0x04b50000, 0x09b50000)
  eden space 4416K, 100% used [0x04600000, 0x04a50000, 0x04a50000)
  from space 512K, 100% used [0x04ad0000, 0x04b50000, 0x04b50000)
  to   space 512K,   0% used [0x04a50000, 0x04a50000, 0x04ad0000)
 tenured generation   total 10944K, used 1006K [0x09b50000, 0x0a600000, 0x14600000)
   the space 10944K,   9% used [0x09b50000, 0x09c4bb08, 0x09c4bc00, 0x0a600000)
 Metaspace       used 6012K, capacity 6215K, committed 6272K, reserved 6528K
Event: 0.332 GC heap after
Heap after GC invocations=2 (full 0):
 def new generation   total 4928K, used 512K [0x04600000, 0x04b50000, 0x09b50000)
  eden space 4416K,   0% used [0x04600000, 0x04600000, 0x04a50000)
  from space 512K, 100% used [0x04a50000, 0x04ad0000, 0x04ad0000)
  to   space 512K,   0% used [0x04ad0000, 0x04ad0000, 0x04b50000)
 tenured generation   total 10944K, used 2642K [0x09b50000, 0x0a600000, 0x14600000)
   the space 10944K,  24% used [0x09b50000, 0x09de4a28, 0x09de4c00, 0x0a600000)
 Metaspace       used 6012K, capacity 6215K, committed 6272K, reserved 6528K
}
Event: 0.448 GC heap before
{Heap before GC invocations=2 (full 0):
 def new generation   total 4928K, used 4924K [0x04600000, 0x04b50000, 0x09b50000)
  eden space 4416K,  99% used [0x04600000, 0x04a4f108, 0x04a50000)
  from space 512K, 100% used [0x04a50000, 0x04ad0000, 0x04ad0000)
  to   space 512K,   0% used [0x04ad0000, 0x04ad0000, 0x04b50000)
 tenured generation   total 10944K, used 7762K [0x09b50000, 0x0a600000, 0x14600000)
   the space 10944K,  70% used [0x09b50000, 0x0a2e4a38, 0x0a2e4c00, 0x0a600000)
 Metaspace       used 7185K, capacity 7407K, committed 7424K, reserved 7552K
Event: 0.450 GC heap after
Heap after GC invocations=3 (full 0):
 def new generation   total 4928K, used 512K [0x04600000, 0x04b50000, 0x09b50000)
  eden space 4416K,   0% used [0x04600000, 0x04600000, 0x04a50000)
  from space 512K, 100% used [0x04ad0000, 0x04b50000, 0x04b50000)
  to   space 512K,   0% used [0x04a50000, 0x04a50000, 0x04ad0000)
 tenured generation   total 10944K, used 8416K [0x09b50000, 0x0a600000, 0x14600000)
   the space 10944K,  76% used [0x09b50000, 0x0a388278, 0x0a388400, 0x0a600000)
 Metaspace       used 7185K, capacity 7407K, committed 7424K, reserved 7552K
}
Event: 0.514 GC heap before
{Heap before GC invocations=3 (full 0):
 def new generation   total 4928K, used 3841K [0x04600000, 0x04b50000, 0x09b50000)
  eden space 4416K,  75% used [0x04600000, 0x049405d8, 0x04a50000)
  from space 512K, 100% used [0x04ad0000, 0x04b50000, 0x04b50000)
  to   space 512K,   0% used [0x04a50000, 0x04a50000, 0x04ad0000)
 tenured generation   total 10944K, used 8416K [0x09b50000, 0x0a600000, 0x14600000)
   the space 10944K,  76% used [0x09b50000, 0x0a388278, 0x0a388400, 0x0a600000)
 Metaspace       used 8339K, capacity 8580K, committed 8704K, reserved 9600K
Event: 0.526 GC heap after
Heap after GC invocations=4 (full 1):
 def new generation   total 6976K, used 0K [0x04600000, 0x04d90000, 0x09b50000)
  eden space 6208K,   0% used [0x04600000, 0x04600000, 0x04c10000)
  from space 768K,   0% used [0x04c10000, 0x04c10000, 0x04cd0000)
  to   space 768K,   0% used [0x04cd0000, 0x04cd0000, 0x04d90000)
 tenured generation   total 15436K, used 9261K [0x09b50000, 0x0aa63000, 0x14600000)
   the space 15436K,  59% used [0x09b50000, 0x0a45b5c0, 0x0a45b600, 0x0aa63000)
 Metaspace       used 8339K, capacity 8580K, committed 8704K, reserved 9600K
}
Event: 0.542 GC heap before
{Heap before GC invocations=4 (full 1):
 def new generation   total 6976K, used 5685K [0x04600000, 0x04d90000, 0x09b50000)
  eden space 6208K,  91% used [0x04600000, 0x04b8d6f0, 0x04c10000)
  from space 768K,   0% used [0x04c10000, 0x04c10000, 0x04cd0000)
  to   space 768K,   0% used [0x04cd0000, 0x04cd0000, 0x04d90000)
 tenured generation   total 15436K, used 9261K [0x09b50000, 0x0aa63000, 0x14600000)
   the space 15436K,  59% used [0x09b50000, 0x0a45b5c0, 0x0a45b600, 0x0aa63000)
 Metaspace       used 8498K, capacity 8740K, committed 8832K, reserved 9600K
Event: 0.545 GC heap after
Heap after GC invocations=5 (full 1):
 def new generation   total 6976K, used 58K [0x04600000, 0x04d90000, 0x09b50000)
  eden space 6208K,   0% used [0x04600000, 0x04600000, 0x04c10000)
  from space 768K,   7% used [0x04cd0000, 0x04cdeb40, 0x04d90000)
  to   space 768K,   0% used [0x04c10000, 0x04c10000, 0x04cd0000)
 tenured generation   total 15436K, used 14381K [0x09b50000, 0x0aa63000, 0x14600000)
   the space 15436K,  93% used [0x09b50000, 0x0a95b5d0, 0x0a95b600, 0x0aa63000)
 Metaspace       used 8498K, capacity 8740K, committed 8832K, reserved 9600K
}

