# JRE version: Java(TM) SE Runtime Environment (8.0_181-b13) (build 1.8.0_181-b13)
# Java VM: Java HotSpot(TM) Client VM (25.181-b13 mixed mode windows-x86 )
Heap:
 def new generation   total 7040K, used 2340K [0x04600000, 0x04da0000, 0x09b50000)
  eden space 6272K,  32% used [0x04600000, 0x047f92e8, 0x04c20000)
  from space 768K,  41% used [0x04c20000, 0x04c6ffb8, 0x04ce0000)
  to   space 768K,   0% used [0x04ce0000, 0x04ce0000, 0x04da0000)
 tenured generation   total 25748K, used 25475K [0x09b50000, 0x0b475000, 0x14600000)
   the space 25748K,  98% used [0x09b50000, 0x0b430fb8, 0x0b431000, 0x0b475000)
 Metaspace       used 9686K, capacity 9946K, committed 10112K, reserved 10624K
GC Heap History (10 events):
Event: 0.997 GC heap before
{Heap before GC invocations=31 (full 1):
 def new generation   total 7040K, used 3438K [0x04600000, 0x04da0000, 0x09b50000)
  eden space 6272K,  53% used [0x04600000, 0x0494a490, 0x04c20000)
  from space 768K,   9% used [0x04ce0000, 0x04cf1508, 0x04da0000)
  to   space 768K,   0% used [0x04c20000, 0x04c20000, 0x04ce0000)
 tenured generation   total 20624K, used 20007K [0x09b50000, 0x0af74000, 0x14600000)
   the space 20624K,  97% used [0x09b50000, 0x0aed9f10, 0x0aeda000, 0x0af74000)
 Metaspace       used 9398K, capacity 9619K, committed 9728K, reserved 10624K
Event: 0.998 GC heap after
Heap after GC invocations=32 (full 1):
 def new generation   total 7040K, used 44K [0x04600000, 0x04da0000, 0x09b50000)
  eden space 6272K,   0% used [0x04600000, 0x04600000, 0x04c20000)
  from space 768K,   5% used [0x04c20000, 0x04c2b098, 0x04ce0000)
  to   space 768K,   0% used [0x04ce0000, 0x04ce0000, 0x04da0000)
 tenured generation   total 20624K, used 20007K [0x09b50000, 0x0af74000, 0x14600000)
   the space 20624K,  97% used [0x09b50000, 0x0aed9f10, 0x0aeda000, 0x0af74000)
 Metaspace       used 9398K, capacity 9619K, committed 9728K, reserved 10624K
}
Event: 1.001 GC heap before
{Heap before GC invocations=32 (full 1):
 def new generation   total 7040K, used 6316K [0x04600000, 0x04da0000, 0x09b50000)
  eden space 6272K, 100% used [0x04600000, 0x04c20000, 0x04c20000)
  from space 768K,   5% used [0x04c20000, 0x04c2b0c8, 0x04ce0000)
  to   space 768K,   0% used [0x04ce0000, 0x04ce0000, 0x04da0000)
 tenured generation   total 20624K, used 20007K [0x09b50000, 0x0af74000, 0x14600000)
   the space 20624K,  97% used [0x09b50000, 0x0aed9f10, 0x0aeda000, 0x0af74000)
 Metaspace       used 9408K, capacity 9651K, committed 9728K, reserved 10624K
Event: 1.003 GC heap after
Heap after GC invocations=33 (full 1):
 def new generation   total 7040K, used 44K [0x04600000, 0x04da0000, 0x09b50000)
  eden space 6272K,   0% used [0x04600000, 0x04600000, 0x04c20000)
  from space 768K,   5% used [0x04ce0000, 0x04ceb160, 0x04da0000)
  to   space 768K,   0% used [0x04c20000, 0x04c20000, 0x04ce0000)
 tenured generation   total 25748K, used 25127K [0x09b50000, 0x0b475000, 0x14600000)
   the space 25748K,  97% used [0x09b50000, 0x0b3d9f20, 0x0b3da000, 0x0b475000)
 Metaspace       used 9408K, capacity 9651K, committed 9728K, reserved 10624K
}
Event: 1.013 GC heap before
{Heap before GC invocations=33 (full 1):
 def new generation   total 7040K, used 6316K [0x04600000, 0x04da0000, 0x09b50000)
  eden space 6272K, 100% used [0x04600000, 0x04c20000, 0x04c20000)
  from space 768K,   5% used [0x04ce0000, 0x04ceb160, 0x04da0000)
  to   space 768K,   0% used [0x04c20000, 0x04c20000, 0x04ce0000)
 tenured generation   total 25748K, used 25127K [0x09b50000, 0x0b475000, 0x14600000)
   the space 25748K,  97% used [0x09b50000, 0x0b3d9f20, 0x0b3da000, 0x0b475000)
 Metaspace       used 9554K, capacity 9779K, committed 9856K, reserved 10624K
Event: 1.014 GC heap after
Heap after GC invocations=34 (full 1):
 def new generation   total 7040K, used 70K [0x04600000, 0x04da0000, 0x09b50000)
  eden space 6272K,   0% used [0x04600000, 0x04600000, 0x04c20000)
  from space 768K,   9% used [0x04c20000, 0x04c31888, 0x04ce0000)
  to   space 768K,   0% used [0x04ce0000, 0x04ce0000, 0x04da0000)
 tenured generation   total 25748K, used 25127K [0x09b50000, 0x0b475000, 0x14600000)
   the space 25748K,  97% used [0x09b50000, 0x0b3d9f20, 0x0b3da000, 0x0b475000)
 Metaspace       used 9554K, capacity 9779K, committed 9856K, reserved 10624K
}
Event: 1.026 GC heap before
{Heap before GC invocations=34 (full 1):
 def new generation   total 7040K, used 6342K [0x04600000, 0x04da0000, 0x09b50000)
  eden space 6272K, 100% used [0x04600000, 0x04c20000, 0x04c20000)
  from space 768K,   9% used [0x04c20000, 0x04c31888, 0x04ce0000)
  to   space 768K,   0% used [0x04ce0000, 0x04ce0000, 0x04da0000)
 tenured generation   total 25748K, used 25127K [0x09b50000, 0x0b475000, 0x14600000)
   the space 25748K,  97% used [0x09b50000, 0x0b3d9f20, 0x0b3da000, 0x0b475000)
 Metaspace       used 9595K, capacity 9843K, committed 9984K, reserved 10624K
Event: 1.027 GC heap after
Heap after GC invocations=35 (full 1):
 def new generation   total 7040K, used 140K [0x04600000, 0x04da0000, 0x09b50000)
  eden space 6272K,   0% used [0x04600000, 0x04600000, 0x04c20000)
  from space 768K,  18% used [0x04ce0000, 0x04d032f8, 0x04da0000)
  to   space 768K,   0% used [0x04c20000, 0x04c20000, 0x04ce0000)
 tenured generation   total 25748K, used 25127K [0x09b50000, 0x0b475000, 0x14600000)
   the space 25748K,  97% used [0x09b50000, 0x0b3d9f20, 0x0b3da000, 0x0b475000)
 Metaspace       used 9595K, capacity 9843K, committed 9984K, reserved 10624K
}
Event: 1.038 GC heap before
{Heap before GC invocations=35 (full 1):
 def new generation   total 7040K, used 6412K [0x04600000, 0x04da0000, 0x09b50000)
  eden space 6272K, 100% used [0x04600000, 0x04c20000, 0x04c20000)
  from space 768K,  18% used [0x04ce0000, 0x04d032f8, 0x04da0000)
  to   space 768K,   0% used [0x04c20000, 0x04c20000, 0x04ce0000)
 tenured generation   total 25748K, used 25127K [0x09b50000, 0x0b475000, 0x14600000)
   the space 25748K,  97% used [0x09b50000, 0x0b3d9f20, 0x0b3da000, 0x0b475000)
 Metaspace       used 9595K, capacity 9843K, committed 9984K, reserved 10624K
Event: 1.039 GC heap after
Heap after GC invocations=36 (full 1):
 def new generation   total 7040K, used 500K [0x04600000, 0x04da0000, 0x09b50000)
  eden space 6272K,   0% used [0x04600000, 0x04600000, 0x04c20000)
  from space 768K,  65% used [0x04c20000, 0x04c9d1a0, 0x04ce0000)
  to   space 768K,   0% used [0x04ce0000, 0x04ce0000, 0x04da0000)
 tenured generation   total 25748K, used 25127K [0x09b50000, 0x0b475000, 0x14600000)
   the space 25748K,  97% used [0x09b50000, 0x0b3d9f20, 0x0b3da000, 0x0b475000)
 Metaspace       used 9595K, capacity 9843K, committed 9984K, reserved 10624K
}

