# JRE version: Java(TM) SE Runtime Environment (8.0_181-b13) (build 1.8.0_181-b13)
# Java VM: Java HotSpot(TM) Client VM (25.181-b13 mixed mode windows-x86 )
Heap:
 def new generation   total 7040K, used 516K [0x04800000, 0x04fa0000, 0x09d50000)
  eden space 6272K,   7% used [0x04800000, 0x0487cd58, 0x04e20000)
  from space 768K,   2% used [0x04ee0000, 0x04ee4488, 0x04fa0000)
  to   space 768K,   0% used [0x04e20000, 0x04e20000, 0x04ee0000)
 tenured generation   total 15488K, used 14411K [0x09d50000, 0x0ac70000, 0x14800000)
   the space 15488K,  93% used [0x09d50000, 0x0ab62ec8, 0x0ab63000, 0x0ac70000)
 Metaspace       used 8617K, capacity 8848K, committed 8960K, reserved 9600K
GC Heap History (10 events):
Event: 0.671 GC heap before
{Heap before GC invocations=5 (full 0):
 def new generation   total 4928K, used 4430K [0x04800000, 0x04d50000, 0x09d50000)
  eden space 4416K, 100% used [0x04800000, 0x04c50000, 0x04c50000)
  from space 512K,   2% used [0x04cd0000, 0x04cd39d8, 0x04d50000)
  to   space 512K,   0% used [0x04c50000, 0x04c50000, 0x04cd0000)
 tenured generation   total 10944K, used 9213K [0x09d50000, 0x0a800000, 0x14800000)
   the space 10944K,  84% used [0x09d50000, 0x0a64f660, 0x0a64f800, 0x0a800000)
 Metaspace       used 8419K, capacity 8646K, committed 8704K, reserved 9600K
Event: 0.672 GC heap after
Heap after GC invocations=6 (full 0):
 def new generation   total 4928K, used 14K [0x04800000, 0x04d50000, 0x09d50000)
  eden space 4416K,   0% used [0x04800000, 0x04800000, 0x04c50000)
  from space 512K,   2% used [0x04c50000, 0x04c539b0, 0x04cd0000)
  to   space 512K,   0% used [0x04cd0000, 0x04cd0000, 0x04d50000)
 tenured generation   total 10944K, used 9213K [0x09d50000, 0x0a800000, 0x14800000)
   the space 10944K,  84% used [0x09d50000, 0x0a64f660, 0x0a64f800, 0x0a800000)
 Metaspace       used 8419K, capacity 8646K, committed 8704K, reserved 9600K
}
Event: 0.684 GC heap before
{Heap before GC invocations=6 (full 0):
 def new generation   total 4928K, used 4430K [0x04800000, 0x04d50000, 0x09d50000)
  eden space 4416K, 100% used [0x04800000, 0x04c50000, 0x04c50000)
  from space 512K,   2% used [0x04c50000, 0x04c539b0, 0x04cd0000)
  to   space 512K,   0% used [0x04cd0000, 0x04cd0000, 0x04d50000)
 tenured generation   total 10944K, used 9213K [0x09d50000, 0x0a800000, 0x14800000)
   the space 10944K,  84% used [0x09d50000, 0x0a64f660, 0x0a64f800, 0x0a800000)
 Metaspace       used 8419K, capacity 8646K, committed 8704K, reserved 9600K
Event: 0.684 GC heap after
Heap after GC invocations=7 (full 0):
 def new generation   total 4928K, used 14K [0x04800000, 0x04d50000, 0x09d50000)
  eden space 4416K,   0% used [0x04800000, 0x04800000, 0x04c50000)
  from space 512K,   2% used [0x04cd0000, 0x04cd3b88, 0x04d50000)
  to   space 512K,   0% used [0x04c50000, 0x04c50000, 0x04cd0000)
 tenured generation   total 10944K, used 9213K [0x09d50000, 0x0a800000, 0x14800000)
   the space 10944K,  84% used [0x09d50000, 0x0a64f660, 0x0a64f800, 0x0a800000)
 Metaspace       used 8419K, capacity 8646K, committed 8704K, reserved 9600K
}
Event: 0.697 GC heap before
{Heap before GC invocations=7 (full 0):
 def new generation   total 4928K, used 4430K [0x04800000, 0x04d50000, 0x09d50000)
  eden space 4416K, 100% used [0x04800000, 0x04c50000, 0x04c50000)
  from space 512K,   2% used [0x04cd0000, 0x04cd3b88, 0x04d50000)
  to   space 512K,   0% used [0x04c50000, 0x04c50000, 0x04cd0000)
 tenured generation   total 10944K, used 9213K [0x09d50000, 0x0a800000, 0x14800000)
   the space 10944K,  84% used [0x09d50000, 0x0a64f660, 0x0a64f800, 0x0a800000)
 Metaspace       used 8419K, capacity 8646K, committed 8704K, reserved 9600K
Event: 0.697 GC heap after
Heap after GC invocations=8 (full 0):
 def new generation   total 4928K, used 15K [0x04800000, 0x04d50000, 0x09d50000)
  eden space 4416K,   0% used [0x04800000, 0x04800000, 0x04c50000)
  from space 512K,   2% used [0x04c50000, 0x04c53c88, 0x04cd0000)
  to   space 512K,   0% used [0x04cd0000, 0x04cd0000, 0x04d50000)
 tenured generation   total 10944K, used 9213K [0x09d50000, 0x0a800000, 0x14800000)
   the space 10944K,  84% used [0x09d50000, 0x0a64f660, 0x0a64f800, 0x0a800000)
 Metaspace       used 8419K, capacity 8646K, committed 8704K, reserved 9600K
}
Event: 0.709 GC heap before
{Heap before GC invocations=8 (full 0):
 def new generation   total 4928K, used 4431K [0x04800000, 0x04d50000, 0x09d50000)
  eden space 4416K, 100% used [0x04800000, 0x04c50000, 0x04c50000)
  from space 512K,   2% used [0x04c50000, 0x04c53c88, 0x04cd0000)
  to   space 512K,   0% used [0x04cd0000, 0x04cd0000, 0x04d50000)
 tenured generation   total 10944K, used 9213K [0x09d50000, 0x0a800000, 0x14800000)
   the space 10944K,  84% used [0x09d50000, 0x0a64f660, 0x0a64f800, 0x0a800000)
 Metaspace       used 8419K, capacity 8646K, committed 8704K, reserved 9600K
Event: 0.710 GC heap after
Heap after GC invocations=9 (full 0):
 def new generation   total 4928K, used 16K [0x04800000, 0x04d50000, 0x09d50000)
  eden space 4416K,   0% used [0x04800000, 0x04800000, 0x04c50000)
  from space 512K,   3% used [0x04cd0000, 0x04cd4068, 0x04d50000)
  to   space 512K,   0% used [0x04c50000, 0x04c50000, 0x04cd0000)
 tenured generation   total 10944K, used 9213K [0x09d50000, 0x0a800000, 0x14800000)
   the space 10944K,  84% used [0x09d50000, 0x0a64f660, 0x0a64f800, 0x0a800000)
 Metaspace       used 8419K, capacity 8646K, committed 8704K, reserved 9600K
}
Event: 0.723 GC heap before
{Heap before GC invocations=9 (full 0):
 def new generation   total 4928K, used 4432K [0x04800000, 0x04d50000, 0x09d50000)
  eden space 4416K, 100% used [0x04800000, 0x04c50000, 0x04c50000)
  from space 512K,   3% used [0x04cd0000, 0x04cd4068, 0x04d50000)
  to   space 512K,   0% used [0x04c50000, 0x04c50000, 0x04cd0000)
 tenured generation   total 10944K, used 9213K [0x09d50000, 0x0a800000, 0x14800000)
   the space 10944K,  84% used [0x09d50000, 0x0a64f660, 0x0a64f800, 0x0a800000)
 Metaspace       used 8419K, capacity 8646K, committed 8704K, reserved 9600K
Event: 0.724 GC heap after
Heap after GC invocations=10 (full 0):
 def new generation   total 4928K, used 5K [0x04800000, 0x04d50000, 0x09d50000)
  eden space 4416K,   0% used [0x04800000, 0x04800000, 0x04c50000)
  from space 512K,   1% used [0x04c50000, 0x04c51770, 0x04cd0000)
  to   space 512K,   0% used [0x04cd0000, 0x04cd0000, 0x04d50000)
 tenured generation   total 10944K, used 9213K [0x09d50000, 0x0a800000, 0x14800000)
   the space 10944K,  84% used [0x09d50000, 0x0a64f660, 0x0a64f800, 0x0a800000)
 Metaspace       used 8419K, capacity 8646K, committed 8704K, reserved 9600K
}

