# JRE version: Java(TM) SE Runtime Environment (8.0_181-b13) (build 1.8.0_181-b13)
# Java VM: Java HotSpot(TM) Client VM (25.181-b13 mixed mode windows-x86 )
Heap:
 def new generation   total 19008K, used 12131K [0x04600000, 0x05a90000, 0x09b50000)
  eden space 16960K,  68% used [0x04600000, 0x0514ee10, 0x05690000)
  from space 2048K,  26% used [0x05690000, 0x05719e18, 0x05890000)
  to   space 2048K,   0% used [0x05890000, 0x05890000, 0x05a90000)
 tenured generation   total 41932K, used 25159K [0x09b50000, 0x0c443000, 0x14600000)
   the space 41932K,  59% used [0x09b50000, 0x0b3e1cb8, 0x0b3e1e00, 0x0c443000)
 Metaspace       used 9656K, capacity 9880K, committed 9984K, reserved 10624K
GC Heap History (10 events):
Event: 0.968 GC heap before
{Heap before GC invocations=34 (full 1):
 def new generation   total 7040K, used 6335K [0x04600000, 0x04da0000, 0x09b50000)
  eden space 6272K, 100% used [0x04600000, 0x04c20000, 0x04c20000)
  from space 768K,   8% used [0x04c20000, 0x04c2fd68, 0x04ce0000)
  to   space 768K,   0% used [0x04ce0000, 0x04ce0000, 0x04da0000)
 tenured generation   total 20620K, used 19933K [0x09b50000, 0x0af73000, 0x14600000)
   the space 20620K,  96% used [0x09b50000, 0x0aec77a8, 0x0aec7800, 0x0af73000)
 Metaspace       used 9120K, capacity 9360K, committed 9472K, reserved 9600K
Event: 0.969 GC heap after
Heap after GC invocations=35 (full 1):
 def new generation   total 7040K, used 8K [0x04600000, 0x04da0000, 0x09b50000)
  eden space 6272K,   0% used [0x04600000, 0x04600000, 0x04c20000)
  from space 768K,   1% used [0x04ce0000, 0x04ce20d0, 0x04da0000)
  to   space 768K,   0% used [0x04c20000, 0x04c20000, 0x04ce0000)
 tenured generation   total 20620K, used 19988K [0x09b50000, 0x0af73000, 0x14600000)
   the space 20620K,  96% used [0x09b50000, 0x0aed5240, 0x0aed5400, 0x0af73000)
 Metaspace       used 9120K, capacity 9360K, committed 9472K, reserved 9600K
}
Event: 0.981 GC heap before
{Heap before GC invocations=35 (full 1):
 def new generation   total 7040K, used 6280K [0x04600000, 0x04da0000, 0x09b50000)
  eden space 6272K, 100% used [0x04600000, 0x04c20000, 0x04c20000)
  from space 768K,   1% used [0x04ce0000, 0x04ce20d0, 0x04da0000)
  to   space 768K,   0% used [0x04c20000, 0x04c20000, 0x04ce0000)
 tenured generation   total 20620K, used 19988K [0x09b50000, 0x0af73000, 0x14600000)
   the space 20620K,  96% used [0x09b50000, 0x0aed5240, 0x0aed5400, 0x0af73000)
 Metaspace       used 9207K, capacity 9424K, committed 9472K, reserved 9600K
Event: 0.982 GC heap after
Heap after GC invocations=36 (full 1):
 def new generation   total 7040K, used 23K [0x04600000, 0x04da0000, 0x09b50000)
  eden space 6272K,   0% used [0x04600000, 0x04600000, 0x04c20000)
  from space 768K,   3% used [0x04c20000, 0x04c25f40, 0x04ce0000)
  to   space 768K,   0% used [0x04ce0000, 0x04ce0000, 0x04da0000)
 tenured generation   total 20620K, used 19990K [0x09b50000, 0x0af73000, 0x14600000)
   the space 20620K,  96% used [0x09b50000, 0x0aed5988, 0x0aed5a00, 0x0af73000)
 Metaspace       used 9207K, capacity 9424K, committed 9472K, reserved 9600K
}
Event: 0.991 GC heap before
{Heap before GC invocations=36 (full 1):
 def new generation   total 7040K, used 5061K [0x04600000, 0x04da0000, 0x09b50000)
  eden space 6272K,  80% used [0x04600000, 0x04aeb740, 0x04c20000)
  from space 768K,   3% used [0x04c20000, 0x04c25f40, 0x04ce0000)
  to   space 768K,   0% used [0x04ce0000, 0x04ce0000, 0x04da0000)
 tenured generation   total 20620K, used 19990K [0x09b50000, 0x0af73000, 0x14600000)
   the space 20620K,  96% used [0x09b50000, 0x0aed5988, 0x0aed5a00, 0x0af73000)
 Metaspace       used 9374K, capacity 9616K, committed 9728K, reserved 10624K
Event: 0.992 GC heap after
Heap after GC invocations=37 (full 1):
 def new generation   total 7040K, used 87K [0x04600000, 0x04da0000, 0x09b50000)
  eden space 6272K,   0% used [0x04600000, 0x04600000, 0x04c20000)
  from space 768K,  11% used [0x04ce0000, 0x04cf5c30, 0x04da0000)
  to   space 768K,   0% used [0x04c20000, 0x04c20000, 0x04ce0000)
 tenured generation   total 20620K, used 19995K [0x09b50000, 0x0af73000, 0x14600000)
   the space 20620K,  96% used [0x09b50000, 0x0aed6f28, 0x0aed7000, 0x0af73000)
 Metaspace       used 9374K, capacity 9616K, committed 9728K, reserved 10624K
}
Event: 0.995 GC heap before
{Heap before GC invocations=37 (full 1):
 def new generation   total 7040K, used 6400K [0x04600000, 0x04da0000, 0x09b50000)
  eden space 6272K, 100% used [0x04600000, 0x04c20000, 0x04c20000)
  from space 768K,  16% used [0x04ce0000, 0x04d000e8, 0x04da0000)
  to   space 768K,   0% used [0x04c20000, 0x04c20000, 0x04ce0000)
 tenured generation   total 20620K, used 19995K [0x09b50000, 0x0af73000, 0x14600000)
   the space 20620K,  96% used [0x09b50000, 0x0aed6f28, 0x0aed7000, 0x0af73000)
 Metaspace       used 9384K, capacity 9616K, committed 9728K, reserved 10624K
Event: 1.007 GC heap after
Heap after GC invocations=38 (full 2):
 def new generation   total 19008K, used 0K [0x04600000, 0x05a90000, 0x09b50000)
  eden space 16960K,   0% used [0x04600000, 0x04600000, 0x05690000)
  from space 2048K,   0% used [0x05690000, 0x05690000, 0x05890000)
  to   space 2048K,   0% used [0x05890000, 0x05890000, 0x05a90000)
 tenured generation   total 41932K, used 25159K [0x09b50000, 0x0c443000, 0x14600000)
   the space 41932K,  59% used [0x09b50000, 0x0b3e1cb8, 0x0b3e1e00, 0x0c443000)
 Metaspace       used 9384K, capacity 9616K, committed 9728K, reserved 10624K
}
Event: 1.036 GC heap before
{Heap before GC invocations=38 (full 2):
 def new generation   total 19008K, used 16960K [0x04600000, 0x05a90000, 0x09b50000)
  eden space 16960K, 100% used [0x04600000, 0x05690000, 0x05690000)
  from space 2048K,   0% used [0x05690000, 0x05690000, 0x05890000)
  to   space 2048K,   0% used [0x05890000, 0x05890000, 0x05a90000)
 tenured generation   total 41932K, used 25159K [0x09b50000, 0x0c443000, 0x14600000)
   the space 41932K,  59% used [0x09b50000, 0x0b3e1cb8, 0x0b3e1e00, 0x0c443000)
 Metaspace       used 9570K, capacity 9808K, committed 9856K, reserved 10624K
Event: 1.038 GC heap after
Heap after GC invocations=39 (full 2):
 def new generation   total 19008K, used 219K [0x04600000, 0x05a90000, 0x09b50000)
  eden space 16960K,   0% used [0x04600000, 0x04600000, 0x05690000)
  from space 2048K,  10% used [0x05890000, 0x058c6d20, 0x05a90000)
  to   space 2048K,   0% used [0x05690000, 0x05690000, 0x05890000)
 tenured generation   total 41932K, used 25159K [0x09b50000, 0x0c443000, 0x14600000)
   the space 41932K,  59% used [0x09b50000, 0x0b3e1cb8, 0x0b3e1e00, 0x0c443000)
 Metaspace       used 9570K, capacity 9808K, committed 9856K, reserved 10624K
}

