# JRE version: Java(TM) SE Runtime Environment (8.0_181-b13) (build 1.8.0_181-b13)
# Java VM: Java HotSpot(TM) Client VM (25.181-b13 mixed mode windows-x86 )
Heap:
 def new generation   total 7104K, used 893K [0x04600000, 0x04db0000, 0x09b50000)
  eden space 6336K,  12% used [0x04600000, 0x046ca408, 0x04c30000)
  from space 768K,  11% used [0x04cf0000, 0x04d052a8, 0x04db0000)
  to   space 768K,   0% used [0x04c30000, 0x04c30000, 0x04cf0000)
 tenured generation   total 15604K, used 14481K [0x09b50000, 0x0aa8d000, 0x14600000)
   the space 15604K,  92% used [0x09b50000, 0x0a9745e0, 0x0a974600, 0x0aa8d000)
 Metaspace       used 8781K, capacity 9006K, committed 9088K, reserved 9600K
GC Heap History (8 events):
Event: 0.210 GC heap before
{Heap before GC invocations=0 (full 0):
 def new generation   total 4928K, used 4416K [0x04600000, 0x04b50000, 0x09b50000)
  eden space 4416K, 100% used [0x04600000, 0x04a50000, 0x04a50000)
  from space 512K,   0% used [0x04a50000, 0x04a50000, 0x04ad0000)
  to   space 512K,   0% used [0x04ad0000, 0x04ad0000, 0x04b50000)
 tenured generation   total 10944K, used 0K [0x09b50000, 0x0a600000, 0x14600000)
   the space 10944K,   0% used [0x09b50000, 0x09b50000, 0x09b50200, 0x0a600000)
 Metaspace       used 4353K, capacity 4519K, committed 4608K, reserved 5504K
Event: 0.215 GC heap after
Heap after GC invocations=1 (full 0):
 def new generation   total 4928K, used 512K [0x04600000, 0x04b50000, 0x09b50000)
  eden space 4416K,   0% used [0x04600000, 0x04600000, 0x04a50000)
  from space 512K, 100% used [0x04ad0000, 0x04b50000, 0x04b50000)
  to   space 512K,   0% used [0x04a50000, 0x04a50000, 0x04ad0000)
 tenured generation   total 10944K, used 959K [0x09b50000, 0x0a600000, 0x14600000)
   the space 10944K,   8% used [0x09b50000, 0x09c3fee8, 0x09c40000, 0x0a600000)
 Metaspace       used 4353K, capacity 4519K, committed 4608K, reserved 5504K
}
Event: 0.311 GC heap before
{Heap before GC invocations=1 (full 0):
 def new generation   total 4928K, used 4928K [0x04600000, 0x04b50000, 0x09b50000)
  eden space 4416K, 100% used [0x04600000, 0x04a50000, 0x04a50000)
  from space 512K, 100% used [0x04ad0000, 0x04b50000, 0x04b50000)
  to   space 512K,   0% used [0x04a50000, 0x04a50000, 0x04ad0000)
 tenured generation   total 10944K, used 959K [0x09b50000, 0x0a600000, 0x14600000)
   the space 10944K,   8% used [0x09b50000, 0x09c3fee8, 0x09c40000, 0x0a600000)
 Metaspace       used 5839K, capacity 5993K, committed 6016K, reserved 6528K
Event: 0.315 GC heap after
Heap after GC invocations=2 (full 0):
 def new generation   total 4928K, used 512K [0x04600000, 0x04b50000, 0x09b50000)
  eden space 4416K,   0% used [0x04600000, 0x04600000, 0x04a50000)
  from space 512K, 100% used [0x04a50000, 0x04ad0000, 0x04ad0000)
  to   space 512K,   0% used [0x04ad0000, 0x04ad0000, 0x04b50000)
 tenured generation   total 10944K, used 2580K [0x09b50000, 0x0a600000, 0x14600000)
   the space 10944K,  23% used [0x09b50000, 0x09dd5190, 0x09dd5200, 0x0a600000)
 Metaspace       used 5839K, capacity 5993K, committed 6016K, reserved 6528K
}
Event: 0.467 GC heap before
{Heap before GC invocations=2 (full 0):
 def new generation   total 4928K, used 4927K [0x04600000, 0x04b50000, 0x09b50000)
  eden space 4416K,  99% used [0x04600000, 0x04a4fdf8, 0x04a50000)
  from space 512K, 100% used [0x04a50000, 0x04ad0000, 0x04ad0000)
  to   space 512K,   0% used [0x04ad0000, 0x04ad0000, 0x04b50000)
 tenured generation   total 10944K, used 7700K [0x09b50000, 0x0a600000, 0x14600000)
   the space 10944K,  70% used [0x09b50000, 0x0a2d51a0, 0x0a2d5200, 0x0a600000)
 Metaspace       used 7442K, capacity 7636K, committed 7680K, reserved 8576K
Event: 0.470 GC heap after
Heap after GC invocations=3 (full 0):
 def new generation   total 4928K, used 512K [0x04600000, 0x04b50000, 0x09b50000)
  eden space 4416K,   0% used [0x04600000, 0x04600000, 0x04a50000)
  from space 512K, 100% used [0x04ad0000, 0x04b50000, 0x04b50000)
  to   space 512K,   0% used [0x04a50000, 0x04a50000, 0x04ad0000)
 tenured generation   total 10944K, used 8445K [0x09b50000, 0x0a600000, 0x14600000)
   the space 10944K,  77% used [0x09b50000, 0x0a38f458, 0x0a38f600, 0x0a600000)
 Metaspace       used 7442K, capacity 7636K, committed 7680K, reserved 8576K
}
Event: 0.564 GC heap before
{Heap before GC invocations=3 (full 0):
 def new generation   total 4928K, used 4532K [0x04600000, 0x04b50000, 0x09b50000)
  eden space 4416K,  91% used [0x04600000, 0x049ed1d8, 0x04a50000)
  from space 512K, 100% used [0x04ad0000, 0x04b50000, 0x04b50000)
  to   space 512K,   0% used [0x04a50000, 0x04a50000, 0x04ad0000)
 tenured generation   total 10944K, used 8445K [0x09b50000, 0x0a600000, 0x14600000)
   the space 10944K,  77% used [0x09b50000, 0x0a38f458, 0x0a38f600, 0x0a600000)
 Metaspace       used 8521K, capacity 8745K, committed 8832K, reserved 9600K
Event: 0.577 GC heap after
Heap after GC invocations=4 (full 1):
 def new generation   total 7104K, used 0K [0x04600000, 0x04db0000, 0x09b50000)
  eden space 6336K,   0% used [0x04600000, 0x04600000, 0x04c30000)
  from space 768K,   0% used [0x04c30000, 0x04c30000, 0x04cf0000)
  to   space 768K,   0% used [0x04cf0000, 0x04cf0000, 0x04db0000)
 tenured generation   total 15604K, used 9361K [0x09b50000, 0x0aa8d000, 0x14600000)
   the space 15604K,  59% used [0x09b50000, 0x0a4745d0, 0x0a474600, 0x0aa8d000)
 Metaspace       used 8521K, capacity 8745K, committed 8832K, reserved 9600K
}

