# JRE version: Java(TM) SE Runtime Environment (8.0_181-b13) (build 1.8.0_181-b13)
# Java VM: Java HotSpot(TM) Client VM (25.181-b13 mixed mode, sharing windows-x86 )
Heap:
 def new generation   total 7040K, used 1033K [0x04400000, 0x04ba0000, 0x09950000)
  eden space 6272K,  14% used [0x04400000, 0x044e4f18, 0x04a20000)
  from space 768K,  15% used [0x04ae0000, 0x04afd7e0, 0x04ba0000)
  to   space 768K,   0% used [0x04a20000, 0x04a20000, 0x04ae0000)
 tenured generation   total 15488K, used 14412K [0x09950000, 0x0a870000, 0x14400000)
   the space 15488K,  93% used [0x09950000, 0x0a7630c8, 0x0a763200, 0x0a870000)
 Metaspace       used 2248K, capacity 3878K, committed 3904K, reserved 4480K
GC Heap History (8 events):
Event: 0.160 GC heap before
{Heap before GC invocations=0 (full 0):
 def new generation   total 4928K, used 4416K [0x04400000, 0x04950000, 0x09950000)
  eden space 4416K, 100% used [0x04400000, 0x04850000, 0x04850000)
  from space 512K,   0% used [0x04850000, 0x04850000, 0x048d0000)
  to   space 512K,   0% used [0x048d0000, 0x048d0000, 0x04950000)
 tenured generation   total 10944K, used 0K [0x09950000, 0x0a400000, 0x14400000)
   the space 10944K,   0% used [0x09950000, 0x09950000, 0x09950200, 0x0a400000)
 Metaspace       used 438K, capacity 2559K, committed 2624K, reserved 4480K
Event: 0.164 GC heap after
Heap after GC invocations=1 (full 0):
 def new generation   total 4928K, used 512K [0x04400000, 0x04950000, 0x09950000)
  eden space 4416K,   0% used [0x04400000, 0x04400000, 0x04850000)
  from space 512K, 100% used [0x048d0000, 0x04950000, 0x04950000)
  to   space 512K,   0% used [0x04850000, 0x04850000, 0x048d0000)
 tenured generation   total 10944K, used 961K [0x09950000, 0x0a400000, 0x14400000)
   the space 10944K,   8% used [0x09950000, 0x09a40780, 0x09a40800, 0x0a400000)
 Metaspace       used 438K, capacity 2559K, committed 2624K, reserved 4480K
}
Event: 0.259 GC heap before
{Heap before GC invocations=1 (full 0):
 def new generation   total 4928K, used 4840K [0x04400000, 0x04950000, 0x09950000)
  eden space 4416K,  98% used [0x04400000, 0x0483a1b0, 0x04850000)
  from space 512K, 100% used [0x048d0000, 0x04950000, 0x04950000)
  to   space 512K,   0% used [0x04850000, 0x04850000, 0x048d0000)
 tenured generation   total 10944K, used 961K [0x09950000, 0x0a400000, 0x14400000)
   the space 10944K,   8% used [0x09950000, 0x09a40780, 0x09a40800, 0x0a400000)
 Metaspace       used 1559K, capacity 3393K, committed 3520K, reserved 4480K
Event: 0.263 GC heap after
Heap after GC invocations=2 (full 0):
 def new generation   total 4928K, used 512K [0x04400000, 0x04950000, 0x09950000)
  eden space 4416K,   0% used [0x04400000, 0x04400000, 0x04850000)
  from space 512K, 100% used [0x04850000, 0x048d0000, 0x048d0000)
  to   space 512K,   0% used [0x048d0000, 0x048d0000, 0x04950000)
 tenured generation   total 10944K, used 2632K [0x09950000, 0x0a400000, 0x14400000)
   the space 10944K,  24% used [0x09950000, 0x09be2240, 0x09be2400, 0x0a400000)
 Metaspace       used 1559K, capacity 3393K, committed 3520K, reserved 4480K
}
Event: 0.403 GC heap before
{Heap before GC invocations=2 (full 0):
 def new generation   total 4928K, used 4928K [0x04400000, 0x04950000, 0x09950000)
  eden space 4416K, 100% used [0x04400000, 0x04850000, 0x04850000)
  from space 512K, 100% used [0x04850000, 0x048d0000, 0x048d0000)
  to   space 512K,   0% used [0x048d0000, 0x048d0000, 0x04950000)
 tenured generation   total 10944K, used 7752K [0x09950000, 0x0a400000, 0x14400000)
   the space 10944K,  70% used [0x09950000, 0x0a0e2250, 0x0a0e2400, 0x0a400000)
 Metaspace       used 1945K, capacity 3724K, committed 3776K, reserved 4480K
Event: 0.406 GC heap after
Heap after GC invocations=3 (full 0):
 def new generation   total 4928K, used 512K [0x04400000, 0x04950000, 0x09950000)
  eden space 4416K,   0% used [0x04400000, 0x04400000, 0x04850000)
  from space 512K, 100% used [0x048d0000, 0x04950000, 0x04950000)
  to   space 512K,   0% used [0x04850000, 0x04850000, 0x048d0000)
 tenured generation   total 10944K, used 8447K [0x09950000, 0x0a400000, 0x14400000)
   the space 10944K,  77% used [0x09950000, 0x0a18fd90, 0x0a18fe00, 0x0a400000)
 Metaspace       used 1945K, capacity 3724K, committed 3776K, reserved 4480K
}
Event: 0.498 GC heap before
{Heap before GC invocations=3 (full 0):
 def new generation   total 4928K, used 4506K [0x04400000, 0x04950000, 0x09950000)
  eden space 4416K,  90% used [0x04400000, 0x047e6a58, 0x04850000)
  from space 512K, 100% used [0x048d0000, 0x04950000, 0x04950000)
  to   space 512K,   0% used [0x04850000, 0x04850000, 0x048d0000)
 tenured generation   total 10944K, used 8447K [0x09950000, 0x0a400000, 0x14400000)
   the space 10944K,  77% used [0x09950000, 0x0a18fd90, 0x0a18fe00, 0x0a400000)
 Metaspace       used 2143K, capacity 3841K, committed 3904K, reserved 4480K
Event: 0.509 GC heap after
Heap after GC invocations=4 (full 1):
 def new generation   total 7040K, used 0K [0x04400000, 0x04ba0000, 0x09950000)
  eden space 6272K,   0% used [0x04400000, 0x04400000, 0x04a20000)
  from space 768K,   0% used [0x04a20000, 0x04a20000, 0x04ae0000)
  to   space 768K,   0% used [0x04ae0000, 0x04ae0000, 0x04ba0000)
 tenured generation   total 15488K, used 9292K [0x09950000, 0x0a870000, 0x14400000)
   the space 15488K,  59% used [0x09950000, 0x0a2630b8, 0x0a263200, 0x0a870000)
 Metaspace       used 2143K, capacity 3841K, committed 3904K, reserved 4480K
}

