# JRE version: Java(TM) SE Runtime Environment (8.0_181-b13) (build 1.8.0_181-b13)
# Java VM: Java HotSpot(TM) Client VM (25.181-b13 mixed mode, sharing windows-x86 )
Heap:
 def new generation   total 7040K, used 1017K [0x04400000, 0x04ba0000, 0x09950000)
  eden space 6272K,  14% used [0x04400000, 0x044df1c0, 0x04a20000)
  from space 768K,  16% used [0x04ae0000, 0x04aff288, 0x04ba0000)
  to   space 768K,   0% used [0x04a20000, 0x04a20000, 0x04ae0000)
 tenured generation   total 15520K, used 14429K [0x09950000, 0x0a878000, 0x14400000)
   the space 15520K,  92% used [0x09950000, 0x0a7676d0, 0x0a767800, 0x0a878000)
 Metaspace       used 2262K, capacity 3878K, committed 3904K, reserved 4480K
GC Heap History (8 events):
Event: 0.164 GC heap before
{Heap before GC invocations=0 (full 0):
 def new generation   total 4928K, used 4416K [0x04400000, 0x04950000, 0x09950000)
  eden space 4416K, 100% used [0x04400000, 0x04850000, 0x04850000)
  from space 512K,   0% used [0x04850000, 0x04850000, 0x048d0000)
  to   space 512K,   0% used [0x048d0000, 0x048d0000, 0x04950000)
 tenured generation   total 10944K, used 0K [0x09950000, 0x0a400000, 0x14400000)
   the space 10944K,   0% used [0x09950000, 0x09950000, 0x09950200, 0x0a400000)
 Metaspace       used 442K, capacity 2559K, committed 2624K, reserved 4480K
Event: 0.168 GC heap after
Heap after GC invocations=1 (full 0):
 def new generation   total 4928K, used 512K [0x04400000, 0x04950000, 0x09950000)
  eden space 4416K,   0% used [0x04400000, 0x04400000, 0x04850000)
  from space 512K, 100% used [0x048d0000, 0x04950000, 0x04950000)
  to   space 512K,   0% used [0x04850000, 0x04850000, 0x048d0000)
 tenured generation   total 10944K, used 961K [0x09950000, 0x0a400000, 0x14400000)
   the space 10944K,   8% used [0x09950000, 0x09a40748, 0x09a40800, 0x0a400000)
 Metaspace       used 442K, capacity 2559K, committed 2624K, reserved 4480K
}
Event: 0.261 GC heap before
{Heap before GC invocations=1 (full 0):
 def new generation   total 4928K, used 4928K [0x04400000, 0x04950000, 0x09950000)
  eden space 4416K, 100% used [0x04400000, 0x04850000, 0x04850000)
  from space 512K, 100% used [0x048d0000, 0x04950000, 0x04950000)
  to   space 512K,   0% used [0x04850000, 0x04850000, 0x048d0000)
 tenured generation   total 10944K, used 961K [0x09950000, 0x0a400000, 0x14400000)
   the space 10944K,   8% used [0x09950000, 0x09a40748, 0x09a40800, 0x0a400000)
 Metaspace       used 1665K, capacity 3489K, committed 3520K, reserved 4480K
Event: 0.264 GC heap after
Heap after GC invocations=2 (full 0):
 def new generation   total 4928K, used 512K [0x04400000, 0x04950000, 0x09950000)
  eden space 4416K,   0% used [0x04400000, 0x04400000, 0x04850000)
  from space 512K, 100% used [0x04850000, 0x048d0000, 0x048d0000)
  to   space 512K,   0% used [0x048d0000, 0x048d0000, 0x04950000)
 tenured generation   total 10944K, used 2569K [0x09950000, 0x0a400000, 0x14400000)
   the space 10944K,  23% used [0x09950000, 0x09bd24e8, 0x09bd2600, 0x0a400000)
 Metaspace       used 1665K, capacity 3489K, committed 3520K, reserved 4480K
}
Event: 0.394 GC heap before
{Heap before GC invocations=2 (full 0):
 def new generation   total 4928K, used 4926K [0x04400000, 0x04950000, 0x09950000)
  eden space 4416K,  99% used [0x04400000, 0x0484faf8, 0x04850000)
  from space 512K, 100% used [0x04850000, 0x048d0000, 0x048d0000)
  to   space 512K,   0% used [0x048d0000, 0x048d0000, 0x04950000)
 tenured generation   total 10944K, used 7689K [0x09950000, 0x0a400000, 0x14400000)
   the space 10944K,  70% used [0x09950000, 0x0a0d24f8, 0x0a0d2600, 0x0a400000)
 Metaspace       used 1952K, capacity 3724K, committed 3776K, reserved 4480K
Event: 0.396 GC heap after
Heap after GC invocations=3 (full 0):
 def new generation   total 4928K, used 512K [0x04400000, 0x04950000, 0x09950000)
  eden space 4416K,   0% used [0x04400000, 0x04400000, 0x04850000)
  from space 512K, 100% used [0x048d0000, 0x04950000, 0x04950000)
  to   space 512K,   0% used [0x04850000, 0x04850000, 0x048d0000)
 tenured generation   total 10944K, used 8447K [0x09950000, 0x0a400000, 0x14400000)
   the space 10944K,  77% used [0x09950000, 0x0a18fe60, 0x0a190000, 0x0a400000)
 Metaspace       used 1952K, capacity 3724K, committed 3776K, reserved 4480K
}
Event: 0.485 GC heap before
{Heap before GC invocations=3 (full 0):
 def new generation   total 4928K, used 4434K [0x04400000, 0x04950000, 0x09950000)
  eden space 4416K,  88% used [0x04400000, 0x047d4820, 0x04850000)
  from space 512K, 100% used [0x048d0000, 0x04950000, 0x04950000)
  to   space 512K,   0% used [0x04850000, 0x04850000, 0x048d0000)
 tenured generation   total 10944K, used 8447K [0x09950000, 0x0a400000, 0x14400000)
   the space 10944K,  77% used [0x09950000, 0x0a18fe60, 0x0a190000, 0x0a400000)
 Metaspace       used 2154K, capacity 3841K, committed 3904K, reserved 4480K
Event: 0.499 GC heap after
Heap after GC invocations=4 (full 1):
 def new generation   total 7040K, used 0K [0x04400000, 0x04ba0000, 0x09950000)
  eden space 6272K,   0% used [0x04400000, 0x04400000, 0x04a20000)
  from space 768K,   0% used [0x04a20000, 0x04a20000, 0x04ae0000)
  to   space 768K,   0% used [0x04ae0000, 0x04ae0000, 0x04ba0000)
 tenured generation   total 15520K, used 9309K [0x09950000, 0x0a878000, 0x14400000)
   the space 15520K,  59% used [0x09950000, 0x0a2676c0, 0x0a267800, 0x0a878000)
 Metaspace       used 2154K, capacity 3841K, committed 3904K, reserved 4480K
}

