# JRE version: Java(TM) SE Runtime Environment (8.0_181-b13) (build 1.8.0_181-b13)
# Java VM: Java HotSpot(TM) Client VM (25.181-b13 mixed mode windows-x86 )
Heap:
 def new generation   total 6976K, used 1157K [0x04800000, 0x04f90000, 0x09d50000)
  eden space 6208K,  16% used [0x04800000, 0x049021f8, 0x04e10000)
  from space 768K,  16% used [0x04ed0000, 0x04eef388, 0x04f90000)
  to   space 768K,   0% used [0x04e10000, 0x04e10000, 0x04ed0000)
 tenured generation   total 15380K, used 14346K [0x09d50000, 0x0ac55000, 0x14800000)
   the space 15380K,  93% used [0x09d50000, 0x0ab52b70, 0x0ab52c00, 0x0ac55000)
 Metaspace       used 8173K, capacity 8400K, committed 8448K, reserved 8576K
GC Heap History (8 events):
Event: 0.207 GC heap before
{Heap before GC invocations=0 (full 0):
 def new generation   total 4928K, used 4416K [0x04800000, 0x04d50000, 0x09d50000)
  eden space 4416K, 100% used [0x04800000, 0x04c50000, 0x04c50000)
  from space 512K,   0% used [0x04c50000, 0x04c50000, 0x04cd0000)
  to   space 512K,   0% used [0x04cd0000, 0x04cd0000, 0x04d50000)
 tenured generation   total 10944K, used 0K [0x09d50000, 0x0a800000, 0x14800000)
   the space 10944K,   0% used [0x09d50000, 0x09d50000, 0x09d50200, 0x0a800000)
 Metaspace       used 4306K, capacity 4487K, committed 4608K, reserved 5504K
Event: 0.211 GC heap after
Heap after GC invocations=1 (full 0):
 def new generation   total 4928K, used 512K [0x04800000, 0x04d50000, 0x09d50000)
  eden space 4416K,   0% used [0x04800000, 0x04800000, 0x04c50000)
  from space 512K, 100% used [0x04cd0000, 0x04d50000, 0x04d50000)
  to   space 512K,   0% used [0x04c50000, 0x04c50000, 0x04cd0000)
 tenured generation   total 10944K, used 964K [0x09d50000, 0x0a800000, 0x14800000)
   the space 10944K,   8% used [0x09d50000, 0x09e41388, 0x09e41400, 0x0a800000)
 Metaspace       used 4306K, capacity 4487K, committed 4608K, reserved 5504K
}
Event: 0.303 GC heap before
{Heap before GC invocations=1 (full 0):
 def new generation   total 4928K, used 4853K [0x04800000, 0x04d50000, 0x09d50000)
  eden space 4416K,  98% used [0x04800000, 0x04c3d670, 0x04c50000)
  from space 512K, 100% used [0x04cd0000, 0x04d50000, 0x04d50000)
  to   space 512K,   0% used [0x04c50000, 0x04c50000, 0x04cd0000)
 tenured generation   total 10944K, used 964K [0x09d50000, 0x0a800000, 0x14800000)
   the space 10944K,   8% used [0x09d50000, 0x09e41388, 0x09e41400, 0x0a800000)
 Metaspace       used 5707K, capacity 5897K, committed 6016K, reserved 6528K
Event: 0.307 GC heap after
Heap after GC invocations=2 (full 0):
 def new generation   total 4928K, used 512K [0x04800000, 0x04d50000, 0x09d50000)
  eden space 4416K,   0% used [0x04800000, 0x04800000, 0x04c50000)
  from space 512K, 100% used [0x04c50000, 0x04cd0000, 0x04cd0000)
  to   space 512K,   0% used [0x04cd0000, 0x04cd0000, 0x04d50000)
 tenured generation   total 10944K, used 2636K [0x09d50000, 0x0a800000, 0x14800000)
   the space 10944K,  24% used [0x09d50000, 0x09fe3240, 0x09fe3400, 0x0a800000)
 Metaspace       used 5707K, capacity 5897K, committed 6016K, reserved 6528K
}
Event: 0.442 GC heap before
{Heap before GC invocations=2 (full 0):
 def new generation   total 4928K, used 4927K [0x04800000, 0x04d50000, 0x09d50000)
  eden space 4416K,  99% used [0x04800000, 0x04c4fc98, 0x04c50000)
  from space 512K, 100% used [0x04c50000, 0x04cd0000, 0x04cd0000)
  to   space 512K,   0% used [0x04cd0000, 0x04cd0000, 0x04d50000)
 tenured generation   total 10944K, used 7756K [0x09d50000, 0x0a800000, 0x14800000)
   the space 10944K,  70% used [0x09d50000, 0x0a4e3250, 0x0a4e3400, 0x0a800000)
 Metaspace       used 6811K, capacity 6995K, committed 7040K, reserved 7552K
Event: 0.444 GC heap after
Heap after GC invocations=3 (full 0):
 def new generation   total 4928K, used 512K [0x04800000, 0x04d50000, 0x09d50000)
  eden space 4416K,   0% used [0x04800000, 0x04800000, 0x04c50000)
  from space 512K, 100% used [0x04cd0000, 0x04d50000, 0x04d50000)
  to   space 512K,   0% used [0x04c50000, 0x04c50000, 0x04cd0000)
 tenured generation   total 10944K, used 8369K [0x09d50000, 0x0a800000, 0x14800000)
   the space 10944K,  76% used [0x09d50000, 0x0a57c4e0, 0x0a57c600, 0x0a800000)
 Metaspace       used 6811K, capacity 6995K, committed 7040K, reserved 7552K
}
Event: 0.532 GC heap before
{Heap before GC invocations=3 (full 0):
 def new generation   total 4928K, used 4254K [0x04800000, 0x04d50000, 0x09d50000)
  eden space 4416K,  84% used [0x04800000, 0x04ba7a98, 0x04c50000)
  from space 512K, 100% used [0x04cd0000, 0x04d50000, 0x04d50000)
  to   space 512K,   0% used [0x04c50000, 0x04c50000, 0x04cd0000)
 tenured generation   total 10944K, used 8369K [0x09d50000, 0x0a800000, 0x14800000)
   the space 10944K,  76% used [0x09d50000, 0x0a57c4e0, 0x0a57c600, 0x0a800000)
 Metaspace       used 7883K, capacity 8107K, committed 8192K, reserved 8576K
Event: 0.545 GC heap after
Heap after GC invocations=4 (full 1):
 def new generation   total 6976K, used 0K [0x04800000, 0x04f90000, 0x09d50000)
  eden space 6208K,   0% used [0x04800000, 0x04800000, 0x04e10000)
  from space 768K,   0% used [0x04e10000, 0x04e10000, 0x04ed0000)
  to   space 768K,   0% used [0x04ed0000, 0x04ed0000, 0x04f90000)
 tenured generation   total 15380K, used 9226K [0x09d50000, 0x0ac55000, 0x14800000)
   the space 15380K,  59% used [0x09d50000, 0x0a652b60, 0x0a652c00, 0x0ac55000)
 Metaspace       used 7883K, capacity 8107K, committed 8192K, reserved 8576K
}

