# JRE version: Java(TM) SE Runtime Environment (8.0_181-b13) (build 1.8.0_181-b13)
# Java VM: Java HotSpot(TM) Client VM (25.181-b13 mixed mode, sharing windows-x86 )
Heap:
 def new generation   total 4928K, used 3167K [0x04400000, 0x04950000, 0x09950000)
  eden space 4416K,  63% used [0x04400000, 0x046bb268, 0x04850000)
  from space 512K,  72% used [0x04850000, 0x048acd10, 0x048d0000)
  to   space 512K,   0% used [0x048d0000, 0x048d0000, 0x04950000)
 tenured generation   total 10944K, used 8944K [0x09950000, 0x0a400000, 0x14400000)
   the space 10944K,  81% used [0x09950000, 0x0a20c0d8, 0x0a20c200, 0x0a400000)
 Metaspace       used 2324K, capacity 3917K, committed 4032K, reserved 4480K
GC Heap History (8 events):
Event: 0.159 GC heap before
{Heap before GC invocations=0 (full 0):
 def new generation   total 4928K, used 4416K [0x04400000, 0x04950000, 0x09950000)
  eden space 4416K, 100% used [0x04400000, 0x04850000, 0x04850000)
  from space 512K,   0% used [0x04850000, 0x04850000, 0x048d0000)
  to   space 512K,   0% used [0x048d0000, 0x048d0000, 0x04950000)
 tenured generation   total 10944K, used 0K [0x09950000, 0x0a400000, 0x14400000)
   the space 10944K,   0% used [0x09950000, 0x09950000, 0x09950200, 0x0a400000)
 Metaspace       used 451K, capacity 2591K, committed 2624K, reserved 4480K
Event: 0.163 GC heap after
Heap after GC invocations=1 (full 0):
 def new generation   total 4928K, used 512K [0x04400000, 0x04950000, 0x09950000)
  eden space 4416K,   0% used [0x04400000, 0x04400000, 0x04850000)
  from space 512K, 100% used [0x048d0000, 0x04950000, 0x04950000)
  to   space 512K,   0% used [0x04850000, 0x04850000, 0x048d0000)
 tenured generation   total 10944K, used 962K [0x09950000, 0x0a400000, 0x14400000)
   the space 10944K,   8% used [0x09950000, 0x09a40b48, 0x09a40c00, 0x0a400000)
 Metaspace       used 451K, capacity 2591K, committed 2624K, reserved 4480K
}
Event: 0.253 GC heap before
{Heap before GC invocations=1 (full 0):
 def new generation   total 4928K, used 4848K [0x04400000, 0x04950000, 0x09950000)
  eden space 4416K,  98% used [0x04400000, 0x0483c380, 0x04850000)
  from space 512K, 100% used [0x048d0000, 0x04950000, 0x04950000)
  to   space 512K,   0% used [0x04850000, 0x04850000, 0x048d0000)
 tenured generation   total 10944K, used 962K [0x09950000, 0x0a400000, 0x14400000)
   the space 10944K,   8% used [0x09950000, 0x09a40b48, 0x09a40c00, 0x0a400000)
 Metaspace       used 1568K, capacity 3393K, committed 3520K, reserved 4480K
Event: 0.257 GC heap after
Heap after GC invocations=2 (full 0):
 def new generation   total 4928K, used 512K [0x04400000, 0x04950000, 0x09950000)
  eden space 4416K,   0% used [0x04400000, 0x04400000, 0x04850000)
  from space 512K, 100% used [0x04850000, 0x048d0000, 0x048d0000)
  to   space 512K,   0% used [0x048d0000, 0x048d0000, 0x04950000)
 tenured generation   total 10944K, used 2634K [0x09950000, 0x0a400000, 0x14400000)
   the space 10944K,  24% used [0x09950000, 0x09be28f8, 0x09be2a00, 0x0a400000)
 Metaspace       used 1568K, capacity 3393K, committed 3520K, reserved 4480K
}
Event: 0.388 GC heap before
{Heap before GC invocations=2 (full 0):
 def new generation   total 4928K, used 4928K [0x04400000, 0x04950000, 0x09950000)
  eden space 4416K, 100% used [0x04400000, 0x04850000, 0x04850000)
  from space 512K, 100% used [0x04850000, 0x048d0000, 0x048d0000)
  to   space 512K,   0% used [0x048d0000, 0x048d0000, 0x04950000)
 tenured generation   total 10944K, used 7754K [0x09950000, 0x0a400000, 0x14400000)
   the space 10944K,  70% used [0x09950000, 0x0a0e2908, 0x0a0e2a00, 0x0a400000)
 Metaspace       used 1953K, capacity 3724K, committed 3776K, reserved 4480K
Event: 0.391 GC heap after
Heap after GC invocations=3 (full 0):
 def new generation   total 4928K, used 512K [0x04400000, 0x04950000, 0x09950000)
  eden space 4416K,   0% used [0x04400000, 0x04400000, 0x04850000)
  from space 512K, 100% used [0x048d0000, 0x04950000, 0x04950000)
  to   space 512K,   0% used [0x04850000, 0x04850000, 0x048d0000)
 tenured generation   total 10944K, used 8447K [0x09950000, 0x0a400000, 0x14400000)
   the space 10944K,  77% used [0x09950000, 0x0a18fe38, 0x0a190000, 0x0a400000)
 Metaspace       used 1953K, capacity 3724K, committed 3776K, reserved 4480K
}
Event: 0.487 GC heap before
{Heap before GC invocations=3 (full 0):
 def new generation   total 4928K, used 4928K [0x04400000, 0x04950000, 0x09950000)
  eden space 4416K, 100% used [0x04400000, 0x04850000, 0x04850000)
  from space 512K, 100% used [0x048d0000, 0x04950000, 0x04950000)
  to   space 512K,   0% used [0x04850000, 0x04850000, 0x048d0000)
 tenured generation   total 10944K, used 8447K [0x09950000, 0x0a400000, 0x14400000)
   the space 10944K,  77% used [0x09950000, 0x0a18fe38, 0x0a190000, 0x0a400000)
 Metaspace       used 2108K, capacity 3841K, committed 3904K, reserved 4480K
Event: 0.490 GC heap after
Heap after GC invocations=4 (full 0):
 def new generation   total 4928K, used 371K [0x04400000, 0x04950000, 0x09950000)
  eden space 4416K,   0% used [0x04400000, 0x04400000, 0x04850000)
  from space 512K,  72% used [0x04850000, 0x048acd10, 0x048d0000)
  to   space 512K,   0% used [0x048d0000, 0x048d0000, 0x04950000)
 tenured generation   total 10944K, used 8944K [0x09950000, 0x0a400000, 0x14400000)
   the space 10944K,  81% used [0x09950000, 0x0a20c0d8, 0x0a20c200, 0x0a400000)
 Metaspace       used 2108K, capacity 3841K, committed 3904K, reserved 4480K
}

