# JRE version: Java(TM) SE Runtime Environment (8.0_181-b13) (build 1.8.0_181-b13)
# Java VM: Java HotSpot(TM) Client VM (25.181-b13 mixed mode windows-x86 )
Heap:
 def new generation   total 4928K, used 1707K [0x04600000, 0x04b50000, 0x09b50000)
  eden space 4416K,  29% used [0x04600000, 0x04743508, 0x04a50000)
  from space 512K,  80% used [0x04a50000, 0x04ab78e8, 0x04ad0000)
  to   space 512K,   0% used [0x04ad0000, 0x04ad0000, 0x04b50000)
 tenured generation   total 16068K, used 14063K [0x09b50000, 0x0ab01000, 0x14600000)
   the space 16068K,  87% used [0x09b50000, 0x0a90bc60, 0x0a90be00, 0x0ab01000)
 Metaspace       used 8855K, capacity 9102K, committed 9216K, reserved 9600K
GC Heap History (8 events):
Event: 0.242 GC heap before
{Heap before GC invocations=0 (full 0):
 def new generation   total 4928K, used 4416K [0x04600000, 0x04b50000, 0x09b50000)
  eden space 4416K, 100% used [0x04600000, 0x04a50000, 0x04a50000)
  from space 512K,   0% used [0x04a50000, 0x04a50000, 0x04ad0000)
  to   space 512K,   0% used [0x04ad0000, 0x04ad0000, 0x04b50000)
 tenured generation   total 10944K, used 0K [0x09b50000, 0x0a600000, 0x14600000)
   the space 10944K,   0% used [0x09b50000, 0x09b50000, 0x09b50200, 0x0a600000)
 Metaspace       used 4365K, capacity 4519K, committed 4608K, reserved 5504K
Event: 0.246 GC heap after
Heap after GC invocations=1 (full 0):
 def new generation   total 4928K, used 512K [0x04600000, 0x04b50000, 0x09b50000)
  eden space 4416K,   0% used [0x04600000, 0x04600000, 0x04a50000)
  from space 512K, 100% used [0x04ad0000, 0x04b50000, 0x04b50000)
  to   space 512K,   0% used [0x04a50000, 0x04a50000, 0x04ad0000)
 tenured generation   total 10944K, used 959K [0x09b50000, 0x0a600000, 0x14600000)
   the space 10944K,   8% used [0x09b50000, 0x09c3fd70, 0x09c3fe00, 0x0a600000)
 Metaspace       used 4365K, capacity 4519K, committed 4608K, reserved 5504K
}
Event: 0.339 GC heap before
{Heap before GC invocations=1 (full 0):
 def new generation   total 4928K, used 4928K [0x04600000, 0x04b50000, 0x09b50000)
  eden space 4416K, 100% used [0x04600000, 0x04a50000, 0x04a50000)
  from space 512K, 100% used [0x04ad0000, 0x04b50000, 0x04b50000)
  to   space 512K,   0% used [0x04a50000, 0x04a50000, 0x04ad0000)
 tenured generation   total 10944K, used 959K [0x09b50000, 0x0a600000, 0x14600000)
   the space 10944K,   8% used [0x09b50000, 0x09c3fd70, 0x09c3fe00, 0x0a600000)
 Metaspace       used 5857K, capacity 6057K, committed 6144K, reserved 6528K
Event: 0.343 GC heap after
Heap after GC invocations=2 (full 0):
 def new generation   total 4928K, used 512K [0x04600000, 0x04b50000, 0x09b50000)
  eden space 4416K,   0% used [0x04600000, 0x04600000, 0x04a50000)
  from space 512K, 100% used [0x04a50000, 0x04ad0000, 0x04ad0000)
  to   space 512K,   0% used [0x04ad0000, 0x04ad0000, 0x04b50000)
 tenured generation   total 10944K, used 2569K [0x09b50000, 0x0a600000, 0x14600000)
   the space 10944K,  23% used [0x09b50000, 0x09dd2648, 0x09dd2800, 0x0a600000)
 Metaspace       used 5857K, capacity 6057K, committed 6144K, reserved 6528K
}
Event: 0.489 GC heap before
{Heap before GC invocations=2 (full 0):
 def new generation   total 4928K, used 4923K [0x04600000, 0x04b50000, 0x09b50000)
  eden space 4416K,  99% used [0x04600000, 0x04a4ef60, 0x04a50000)
  from space 512K, 100% used [0x04a50000, 0x04ad0000, 0x04ad0000)
  to   space 512K,   0% used [0x04ad0000, 0x04ad0000, 0x04b50000)
 tenured generation   total 10944K, used 7689K [0x09b50000, 0x0a600000, 0x14600000)
   the space 10944K,  70% used [0x09b50000, 0x0a2d2658, 0x0a2d2800, 0x0a600000)
 Metaspace       used 7446K, capacity 7636K, committed 7680K, reserved 8576K
Event: 0.491 GC heap after
Heap after GC invocations=3 (full 0):
 def new generation   total 4928K, used 512K [0x04600000, 0x04b50000, 0x09b50000)
  eden space 4416K,   0% used [0x04600000, 0x04600000, 0x04a50000)
  from space 512K, 100% used [0x04ad0000, 0x04b50000, 0x04b50000)
  to   space 512K,   0% used [0x04a50000, 0x04a50000, 0x04ad0000)
 tenured generation   total 10944K, used 8445K [0x09b50000, 0x0a600000, 0x14600000)
   the space 10944K,  77% used [0x09b50000, 0x0a38f7a8, 0x0a38f800, 0x0a600000)
 Metaspace       used 7446K, capacity 7636K, committed 7680K, reserved 8576K
}
Event: 0.585 GC heap before
{Heap before GC invocations=3 (full 0):
 def new generation   total 4928K, used 4569K [0x04600000, 0x04b50000, 0x09b50000)
  eden space 4416K,  91% used [0x04600000, 0x049f6738, 0x04a50000)
  from space 512K, 100% used [0x04ad0000, 0x04b50000, 0x04b50000)
  to   space 512K,   0% used [0x04a50000, 0x04a50000, 0x04ad0000)
 tenured generation   total 16068K, used 13565K [0x09b50000, 0x0ab01000, 0x14600000)
   the space 16068K,  84% used [0x09b50000, 0x0a88f7b8, 0x0a88f800, 0x0ab01000)
 Metaspace       used 8530K, capacity 8782K, committed 8832K, reserved 9600K
Event: 0.589 GC heap after
Heap after GC invocations=4 (full 0):
 def new generation   total 4928K, used 414K [0x04600000, 0x04b50000, 0x09b50000)
  eden space 4416K,   0% used [0x04600000, 0x04600000, 0x04a50000)
  from space 512K,  80% used [0x04a50000, 0x04ab78e8, 0x04ad0000)
  to   space 512K,   0% used [0x04ad0000, 0x04ad0000, 0x04b50000)
 tenured generation   total 16068K, used 14063K [0x09b50000, 0x0ab01000, 0x14600000)
   the space 16068K,  87% used [0x09b50000, 0x0a90bc60, 0x0a90be00, 0x0ab01000)
 Metaspace       used 8530K, capacity 8782K, committed 8832K, reserved 9600K
}

