# JRE version: Java(TM) SE Runtime Environment (8.0_181-b13) (build 1.8.0_181-b13)
# Java VM: Java HotSpot(TM) Client VM (25.181-b13 mixed mode windows-x86 )
Heap:
 def new generation   total 7040K, used 2188K [0x04800000, 0x04fa0000, 0x09d50000)
  eden space 6272K,  33% used [0x04800000, 0x04a08d18, 0x04e20000)
  from space 768K,  13% used [0x04ee0000, 0x04efa440, 0x04fa0000)
  to   space 768K,   0% used [0x04e20000, 0x04e20000, 0x04ee0000)
 tenured generation   total 15492K, used 14414K [0x09d50000, 0x0ac71000, 0x14800000)
   the space 15492K,  93% used [0x09d50000, 0x0ab63bf0, 0x0ab63c00, 0x0ac71000)
 Metaspace       used 8872K, capacity 9109K, committed 9216K, reserved 9600K
GC Heap History (10 events):
Event: 0.197 GC heap before
{Heap before GC invocations=0 (full 0):
 def new generation   total 4928K, used 4416K [0x04800000, 0x04d50000, 0x09d50000)
  eden space 4416K, 100% used [0x04800000, 0x04c50000, 0x04c50000)
  from space 512K,   0% used [0x04c50000, 0x04c50000, 0x04cd0000)
  to   space 512K,   0% used [0x04cd0000, 0x04cd0000, 0x04d50000)
 tenured generation   total 10944K, used 0K [0x09d50000, 0x0a800000, 0x14800000)
   the space 10944K,   0% used [0x09d50000, 0x09d50000, 0x09d50200, 0x0a800000)
 Metaspace       used 4366K, capacity 4551K, committed 4608K, reserved 5504K
Event: 0.200 GC heap after
Heap after GC invocations=1 (full 0):
 def new generation   total 4928K, used 512K [0x04800000, 0x04d50000, 0x09d50000)
  eden space 4416K,   0% used [0x04800000, 0x04800000, 0x04c50000)
  from space 512K, 100% used [0x04cd0000, 0x04d50000, 0x04d50000)
  to   space 512K,   0% used [0x04c50000, 0x04c50000, 0x04cd0000)
 tenured generation   total 10944K, used 960K [0x09d50000, 0x0a800000, 0x14800000)
   the space 10944K,   8% used [0x09d50000, 0x09e40360, 0x09e40400, 0x0a800000)
 Metaspace       used 4366K, capacity 4551K, committed 4608K, reserved 5504K
}
Event: 0.294 GC heap before
{Heap before GC invocations=1 (full 0):
 def new generation   total 4928K, used 4880K [0x04800000, 0x04d50000, 0x09d50000)
  eden space 4416K,  98% used [0x04800000, 0x04c442d0, 0x04c50000)
  from space 512K, 100% used [0x04cd0000, 0x04d50000, 0x04d50000)
  to   space 512K,   0% used [0x04c50000, 0x04c50000, 0x04cd0000)
 tenured generation   total 10944K, used 960K [0x09d50000, 0x0a800000, 0x14800000)
   the space 10944K,   8% used [0x09d50000, 0x09e40360, 0x09e40400, 0x0a800000)
 Metaspace       used 5765K, capacity 5929K, committed 6016K, reserved 6528K
Event: 0.298 GC heap after
Heap after GC invocations=2 (full 0):
 def new generation   total 4928K, used 512K [0x04800000, 0x04d50000, 0x09d50000)
  eden space 4416K,   0% used [0x04800000, 0x04800000, 0x04c50000)
  from space 512K, 100% used [0x04c50000, 0x04cd0000, 0x04cd0000)
  to   space 512K,   0% used [0x04cd0000, 0x04cd0000, 0x04d50000)
 tenured generation   total 10944K, used 2632K [0x09d50000, 0x0a800000, 0x14800000)
   the space 10944K,  24% used [0x09d50000, 0x09fe2158, 0x09fe2200, 0x0a800000)
 Metaspace       used 5765K, capacity 5929K, committed 6016K, reserved 6528K
}
Event: 0.503 GC heap before
{Heap before GC invocations=2 (full 0):
 def new generation   total 4928K, used 4924K [0x04800000, 0x04d50000, 0x09d50000)
  eden space 4416K,  99% used [0x04800000, 0x04c4f080, 0x04c50000)
  from space 512K, 100% used [0x04c50000, 0x04cd0000, 0x04cd0000)
  to   space 512K,   0% used [0x04cd0000, 0x04cd0000, 0x04d50000)
 tenured generation   total 10944K, used 7752K [0x09d50000, 0x0a800000, 0x14800000)
   the space 10944K,  70% used [0x09d50000, 0x0a4e2168, 0x0a4e2200, 0x0a800000)
 Metaspace       used 7513K, capacity 7700K, committed 7808K, reserved 8576K
Event: 0.505 GC heap after
Heap after GC invocations=3 (full 0):
 def new generation   total 4928K, used 512K [0x04800000, 0x04d50000, 0x09d50000)
  eden space 4416K,   0% used [0x04800000, 0x04800000, 0x04c50000)
  from space 512K, 100% used [0x04cd0000, 0x04d50000, 0x04d50000)
  to   space 512K,   0% used [0x04c50000, 0x04c50000, 0x04cd0000)
 tenured generation   total 10944K, used 8507K [0x09d50000, 0x0a800000, 0x14800000)
   the space 10944K,  77% used [0x09d50000, 0x0a59ed40, 0x0a59ee00, 0x0a800000)
 Metaspace       used 7513K, capacity 7700K, committed 7808K, reserved 8576K
}
Event: 0.590 GC heap before
{Heap before GC invocations=3 (full 0):
 def new generation   total 4928K, used 4928K [0x04800000, 0x04d50000, 0x09d50000)
  eden space 4416K, 100% used [0x04800000, 0x04c50000, 0x04c50000)
  from space 512K, 100% used [0x04cd0000, 0x04d50000, 0x04d50000)
  to   space 512K,   0% used [0x04c50000, 0x04c50000, 0x04cd0000)
 tenured generation   total 10944K, used 8507K [0x09d50000, 0x0a800000, 0x14800000)
   the space 10944K,  77% used [0x09d50000, 0x0a59ed40, 0x0a59ee00, 0x0a800000)
 Metaspace       used 8427K, capacity 8649K, committed 8704K, reserved 9600K
Event: 0.593 GC heap after
Heap after GC invocations=4 (full 0):
 def new generation   total 4928K, used 313K [0x04800000, 0x04d50000, 0x09d50000)
  eden space 4416K,   0% used [0x04800000, 0x04800000, 0x04c50000)
  from space 512K,  61% used [0x04c50000, 0x04c9e450, 0x04cd0000)
  to   space 512K,   0% used [0x04cd0000, 0x04cd0000, 0x04d50000)
 tenured generation   total 10944K, used 9003K [0x09d50000, 0x0a800000, 0x14800000)
   the space 10944K,  82% used [0x09d50000, 0x0a61af80, 0x0a61b000, 0x0a800000)
 Metaspace       used 8427K, capacity 8649K, committed 8704K, reserved 9600K
}
Event: 0.606 GC heap before
{Heap before GC invocations=4 (full 0):
 def new generation   total 4928K, used 1072K [0x04800000, 0x04d50000, 0x09d50000)
  eden space 4416K,  17% used [0x04800000, 0x048bdcd0, 0x04c50000)
  from space 512K,  61% used [0x04c50000, 0x04c9e450, 0x04cd0000)
  to   space 512K,   0% used [0x04cd0000, 0x04cd0000, 0x04d50000)
 tenured generation   total 10944K, used 9003K [0x09d50000, 0x0a800000, 0x14800000)
   the space 10944K,  82% used [0x09d50000, 0x0a61af80, 0x0a61b000, 0x0a800000)
 Metaspace       used 8599K, capacity 8821K, committed 8960K, reserved 9600K
Event: 0.621 GC heap after
Heap after GC invocations=5 (full 1):
 def new generation   total 7040K, used 0K [0x04800000, 0x04fa0000, 0x09d50000)
  eden space 6272K,   0% used [0x04800000, 0x04800000, 0x04e20000)
  from space 768K,   0% used [0x04e20000, 0x04e20000, 0x04ee0000)
  to   space 768K,   0% used [0x04ee0000, 0x04ee0000, 0x04fa0000)
 tenured generation   total 15492K, used 9294K [0x09d50000, 0x0ac71000, 0x14800000)
   the space 15492K,  59% used [0x09d50000, 0x0a663be0, 0x0a663c00, 0x0ac71000)
 Metaspace       used 8599K, capacity 8821K, committed 8960K, reserved 9600K
}

